Using pre-set license
Built from '2020.3/release' branch; Version is '2020.3.2f1 (8fd9074bf66c) revision 9427207'; Using compiler version '192528614'; Build Type 'Release'
OS: 'Windows 10 Pro; OS build 19041.1052; Version 2004; 64bit' Language: 'en' Physical Memory: 32719 MB
BatchMode: 1, IsHumanControllingUs: 0, StartBugReporterOnCrash: 0, Is64bit: 1, IsPro: 0

 COMMAND LINE ARGUMENTS:
C:\Program Files\Unity\Hub\Editor\2020.3.2f1\Editor\Unity.exe
-adb2
-batchMode
-noUpm
-name
AssetImportWorker5
-projectPath
D:/Unity Projects/彩色战争/Battle-of-the-Colors
-logFile
Logs/AssetImportWorker5.log
-srvPort
50177
Successfully changed project path to: D:/Unity Projects/彩色战争/Battle-of-the-Colors
D:/Unity Projects/彩色战争/Battle-of-the-Colors
Using Asset Import Pipeline V2.
Refreshing native plugins compatible for Editor in 88.04 ms, found 0 plugins.
Preloading 0 native plugins for Editor in 0.00 ms.
Initialize engine version: 2020.3.2f1 (8fd9074bf66c)
[Subsystems] Discovering subsystems at path C:/Program Files/Unity/Hub/Editor/2020.3.2f1/Editor/Data/Resources/UnitySubsystems
[Subsystems] Discovering subsystems at path D:/Unity Projects/彩色战争/Battle-of-the-Colors/Assets
GfxDevice: creating device client; threaded=0
Direct3D:
    Version:  Direct3D 11.0 [level 11.1]
    Renderer: NVIDIA GeForce GTX 1070 (ID=0x1b81)
    Vendor:   
    VRAM:     8088 MB
    Driver:   27.21.14.6192
Shader 'Universal Render Pipeline/Particles/Lit': fallback shader 'Universal Render Pipeline/Particles/SimpleLit' not found
Initialize mono
Mono path[0] = 'C:/Program Files/Unity/Hub/Editor/2020.3.2f1/Editor/Data/Managed'
Mono path[1] = 'C:/Program Files/Unity/Hub/Editor/2020.3.2f1/Editor/Data/MonoBleedingEdge/lib/mono/unityjit'
Mono config path = 'C:/Program Files/Unity/Hub/Editor/2020.3.2f1/Editor/Data/MonoBleedingEdge/etc'
Using monoOptions --debugger-agent=transport=dt_socket,embedding=1,server=y,suspend=n,address=127.0.0.1:56832
Begin MonoManager ReloadAssembly
Registering precompiled unity dll's ...
Register platform support module: C:/Program Files/Unity/Hub/Editor/2020.3.2f1/Editor/Data/PlaybackEngines/WindowsStandaloneSupport/UnityEditor.WindowsStandalone.Extensions.dll
Registered in 0.004515 seconds.
Native extension for WindowsStandalone target not found
Refreshing native plugins compatible for Editor in 87.45 ms, found 0 plugins.
Preloading 0 native plugins for Editor in 0.00 ms.
Invoked RoslynAnalysisRunner static constructor.
RoslynAnalysisRunner will not be running.
RoslynAnalysisRunner has terminated.
Mono: successfully reloaded assembly
- Completed reload, in  3.361 seconds
Platform modules already initialized, skipping
Registering precompiled user dll's ...
Registered in 0.004866 seconds.
Begin MonoManager ReloadAssembly
Native extension for WindowsStandalone target not found
Refreshing native plugins compatible for Editor in 89.69 ms, found 0 plugins.
Preloading 0 native plugins for Editor in 0.00 ms.
Invoked RoslynAnalysisRunner static constructor.
RoslynAnalysisRunner will not be running.
RoslynAnalysisRunner has terminated.
Find all reader and writers took 307 milliseconds
Script Module: UnityEngine.UI.dll
Weave behaviours and messages took248 milliseconds
Find all reader and writers took 260 milliseconds
Script Module: Unity.RenderPipelines.Core.Runtime.dll
Weave behaviours and messages took162 milliseconds
Find all reader and writers took 257 milliseconds
Script Module: UnityEngine.TestRunner.dll
Weave behaviours and messages took77 milliseconds
Find all reader and writers took 264 milliseconds
Script Module: Unity.Mathematics.dll
Weave behaviours and messages took642 milliseconds
Find all reader and writers took 273 milliseconds
Script Module: Assembly-CSharp-firstpass.dll
Weave behaviours and messages took262 milliseconds
Find all reader and writers took 245 milliseconds
Script Module: SimpleWebTransport.dll
Weave behaviours and messages took23 milliseconds
Find all reader and writers took 292 milliseconds
Script Module: Unity.RenderPipelines.Universal.Runtime.dll
Weave behaviours and messages took183 milliseconds
Find all reader and writers took 297 milliseconds
Script Module: Unity.TextMeshPro.dll
Weave behaviours and messages took240 milliseconds
Find all reader and writers took 248 milliseconds
Script Module: Cinemachine.dll
Weave behaviours and messages took153 milliseconds
Find all reader and writers took 240 milliseconds
Script Module: Unity.Timeline.dll
Weave behaviours and messages took94 milliseconds
Find all reader and writers took 259 milliseconds
Script Module: Unity.Postprocessing.Runtime.dll
Weave behaviours and messages took80 milliseconds
Find all reader and writers took 236 milliseconds
Script Module: Telepathy.dll
Weave behaviours and messages took14 milliseconds
Find all reader and writers took 261 milliseconds
Script Module: Mirror.Cloud.dll
Weave behaviours and messages took10 milliseconds
Find all reader and writers took 247 milliseconds
Script Module: kcp2k.dll
Weave behaviours and messages took12 milliseconds
Find all reader and writers took 246 milliseconds
Script Module: Mirror.Examples.Cloud.GUI.dll
Weave behaviours and messages took9 milliseconds
Find all reader and writers took 243 milliseconds
Script Module: Unity.RenderPipelines.Core.ShaderLibrary.dll
Weave behaviours and messages took0 milliseconds
Find all reader and writers took 255 milliseconds
Script Module: Unity.RenderPipeline.Universal.ShaderLibrary.dll
Weave behaviours and messages took0 milliseconds
Find all reader and writers took 249 milliseconds
Script Module: Unity.RenderPipelines.Universal.Shaders.dll
Weave behaviours and messages took0 milliseconds
Find all reader and writers took 267 milliseconds
Script Module: Unity.RenderPipelines.ShaderGraph.ShaderGraphLibrary.dll
Weave behaviours and messages took0 milliseconds
Find all reader and writers took 358 milliseconds
Script Module: com.unity.cinemachine.editor.dll
Weave behaviours and messages took116 milliseconds
Find all reader and writers took 357 milliseconds
Script Module: UnityEditor.TestRunner.dll
Weave behaviours and messages took130 milliseconds
Find all reader and writers took 310 milliseconds
Script Module: Mirror.CompilerSymbols.dll
Weave behaviours and messages took0 milliseconds
Find all reader and writers took 350 milliseconds
Script Module: UnityEditor.UI.dll
Weave behaviours and messages took42 milliseconds
Find all reader and writers took 303 milliseconds
Script Module: Unity.ShaderGraph.Utilities.dll
Weave behaviours and messages took0 milliseconds
Mono: successfully reloaded assembly
- Completed reload, in 23.526 seconds
Platform modules already initialized, skipping
========================================================================
Worker process is ready to serve import requests
Shader 'Universal Render Pipeline/Particles/Lit': fallback shader 'Universal Render Pipeline/Particles/SimpleLit' not found
Launched and connected shader compiler UnityShaderCompiler.exe after 0.22 seconds
Refreshing native plugins compatible for Editor in 1.02 ms, found 0 plugins.
Preloading 0 native plugins for Editor in 0.00 ms.
Unloading 3296 Unused Serialized files (Serialized files now loaded: 0)
System memory in use before: 160.2 MB.
System memory in use after: 160.4 MB.

Unloading 18 unused Assets to reduce memory usage. Loaded Objects now: 3746.
Total: 4.086800 ms (FindLiveObjects: 0.476200 ms CreateObjectMapping: 0.093700 ms MarkObjects: 3.421700 ms  DeleteObjects: 0.092900 ms)

========================================================================
Received Import Request.
  path: Assets/Scripts/Networking/CSZZServerHandler.cs
  artifactKey: Guid(439808895b783694ea194842bb42572e) Importer(815301076,1909f56bfc062723c751e8b465ee728b)
Start importing Assets/Scripts/Networking/CSZZServerHandler.cs using Guid(439808895b783694ea194842bb42572e) Importer(815301076,1909f56bfc062723c751e8b465ee728b)  -> (artifact id: 'f2a5ce698d7ca4bb7833dd2bac880fd5') in 0.078579 seconds
  Import took 0.119729 seconds .

========================================================================
Received Import Request.
  Time since last request: 1570.194151 seconds.
  path: Assets/Scripts/NetworkedCharacter/NetworkCharacterController.cs
  artifactKey: Guid(6ec26e27568182b45bcc1bee069ffd4f) Importer(815301076,1909f56bfc062723c751e8b465ee728b)
Start importing Assets/Scripts/NetworkedCharacter/NetworkCharacterController.cs using Guid(6ec26e27568182b45bcc1bee069ffd4f) Importer(815301076,1909f56bfc062723c751e8b465ee728b)  -> (artifact id: '26a56898da954472cd41bc35fc174460') in 0.010673 seconds
  Import took 0.103033 seconds .

========================================================================
Received Prepare
Registering precompiled user dll's ...
Registered in 0.004700 seconds.
Begin MonoManager ReloadAssembly
Native extension for WindowsStandalone target not found
Refreshing native plugins compatible for Editor in 0.80 ms, found 0 plugins.
Preloading 0 native plugins for Editor in 0.00 ms.
Invoked RoslynAnalysisRunner static constructor.
RoslynAnalysisRunner will not be running.
RoslynAnalysisRunner has terminated.
Mono: successfully reloaded assembly
- Completed reload, in  1.331 seconds
Platform modules already initialized, skipping
Shader 'Universal Render Pipeline/Particles/Lit': fallback shader 'Universal Render Pipeline/Particles/SimpleLit' not found
Refreshing native plugins compatible for Editor in 0.75 ms, found 0 plugins.
Preloading 0 native plugins for Editor in 0.00 ms.
Unloading 3141 Unused Serialized files (Serialized files now loaded: 0)
System memory in use before: 148.9 MB.
System memory in use after: 149.1 MB.

Unloading 13 unused Assets to reduce memory usage. Loaded Objects now: 3749.
Total: 2.677900 ms (FindLiveObjects: 0.406700 ms CreateObjectMapping: 0.094000 ms MarkObjects: 2.156200 ms  DeleteObjects: 0.019700 ms)

========================================================================
Received Prepare
Registering precompiled user dll's ...
Registered in 0.004810 seconds.
Begin MonoManager ReloadAssembly
Native extension for WindowsStandalone target not found
Refreshing native plugins compatible for Editor in 0.79 ms, found 0 plugins.
Preloading 0 native plugins for Editor in 0.00 ms.
Invoked RoslynAnalysisRunner static constructor.
RoslynAnalysisRunner will not be running.
RoslynAnalysisRunner has terminated.
Mono: successfully reloaded assembly
- Completed reload, in  1.179 seconds
Platform modules already initialized, skipping
Shader 'Universal Render Pipeline/Particles/Lit': fallback shader 'Universal Render Pipeline/Particles/SimpleLit' not found
Refreshing native plugins compatible for Editor in 0.78 ms, found 0 plugins.
Preloading 0 native plugins for Editor in 0.00 ms.
Unloading 3141 Unused Serialized files (Serialized files now loaded: 0)
System memory in use before: 148.9 MB.
System memory in use after: 149.2 MB.

Unloading 13 unused Assets to reduce memory usage. Loaded Objects now: 3752.
Total: 2.815600 ms (FindLiveObjects: 0.362000 ms CreateObjectMapping: 0.083700 ms MarkObjects: 2.347700 ms  DeleteObjects: 0.020600 ms)

========================================================================
Received Prepare
Registering precompiled user dll's ...
Registered in 0.004165 seconds.
Begin MonoManager ReloadAssembly
Native extension for WindowsStandalone target not found
Refreshing native plugins compatible for Editor in 1.33 ms, found 0 plugins.
Preloading 0 native plugins for Editor in 0.00 ms.
Invoked RoslynAnalysisRunner static constructor.
RoslynAnalysisRunner will not be running.
RoslynAnalysisRunner has terminated.
Mono: successfully reloaded assembly
- Completed reload, in  1.207 seconds
Platform modules already initialized, skipping
Shader 'Universal Render Pipeline/Particles/Lit': fallback shader 'Universal Render Pipeline/Particles/SimpleLit' not found
Refreshing native plugins compatible for Editor in 0.75 ms, found 0 plugins.
Preloading 0 native plugins for Editor in 0.00 ms.
Unloading 3141 Unused Serialized files (Serialized files now loaded: 0)
System memory in use before: 149.0 MB.
System memory in use after: 149.2 MB.

Unloading 13 unused Assets to reduce memory usage. Loaded Objects now: 3755.
Total: 2.616700 ms (FindLiveObjects: 0.341800 ms CreateObjectMapping: 0.083700 ms MarkObjects: 2.163500 ms  DeleteObjects: 0.026100 ms)

========================================================================
Received Prepare
Registering precompiled user dll's ...
Registered in 0.004103 seconds.
Begin MonoManager ReloadAssembly
Native extension for WindowsStandalone target not found
Refreshing native plugins compatible for Editor in 0.83 ms, found 0 plugins.
Preloading 0 native plugins for Editor in 0.00 ms.
Invoked RoslynAnalysisRunner static constructor.
RoslynAnalysisRunner will not be running.
RoslynAnalysisRunner has terminated.
Mono: successfully reloaded assembly
- Completed reload, in  1.197 seconds
Platform modules already initialized, skipping
Shader 'Universal Render Pipeline/Particles/Lit': fallback shader 'Universal Render Pipeline/Particles/SimpleLit' not found
Refreshing native plugins compatible for Editor in 0.76 ms, found 0 plugins.
Preloading 0 native plugins for Editor in 0.00 ms.
Unloading 3141 Unused Serialized files (Serialized files now loaded: 0)
System memory in use before: 149.1 MB.
System memory in use after: 149.3 MB.

Unloading 13 unused Assets to reduce memory usage. Loaded Objects now: 3758.
Total: 2.932900 ms (FindLiveObjects: 0.369700 ms CreateObjectMapping: 0.089100 ms MarkObjects: 2.454400 ms  DeleteObjects: 0.018200 ms)

========================================================================
Received Prepare
Registering precompiled user dll's ...
Registered in 0.005360 seconds.
Begin MonoManager ReloadAssembly
Native extension for WindowsStandalone target not found
Refreshing native plugins compatible for Editor in 0.78 ms, found 0 plugins.
Preloading 0 native plugins for Editor in 0.00 ms.
Invoked RoslynAnalysisRunner static constructor.
RoslynAnalysisRunner will not be running.
RoslynAnalysisRunner has terminated.
Mono: successfully reloaded assembly
- Completed reload, in  1.241 seconds
Platform modules already initialized, skipping
Shader 'Universal Render Pipeline/Particles/Lit': fallback shader 'Universal Render Pipeline/Particles/SimpleLit' not found
Refreshing native plugins compatible for Editor in 0.76 ms, found 0 plugins.
Preloading 0 native plugins for Editor in 0.00 ms.
Unloading 3141 Unused Serialized files (Serialized files now loaded: 0)
System memory in use before: 149.1 MB.
System memory in use after: 149.3 MB.

Unloading 13 unused Assets to reduce memory usage. Loaded Objects now: 3761.
Total: 4.807200 ms (FindLiveObjects: 0.731500 ms CreateObjectMapping: 0.315000 ms MarkObjects: 3.737100 ms  DeleteObjects: 0.021500 ms)

========================================================================
Received Prepare
Registering precompiled user dll's ...
Registered in 0.004116 seconds.
Begin MonoManager ReloadAssembly
Native extension for WindowsStandalone target not found
Refreshing native plugins compatible for Editor in 0.79 ms, found 0 plugins.
Preloading 0 native plugins for Editor in 0.00 ms.
Invoked RoslynAnalysisRunner static constructor.
RoslynAnalysisRunner will not be running.
RoslynAnalysisRunner has terminated.
Mono: successfully reloaded assembly
- Completed reload, in  1.177 seconds
Platform modules already initialized, skipping
Shader 'Universal Render Pipeline/Particles/Lit': fallback shader 'Universal Render Pipeline/Particles/SimpleLit' not found
Refreshing native plugins compatible for Editor in 0.74 ms, found 0 plugins.
Preloading 0 native plugins for Editor in 0.00 ms.
Unloading 3141 Unused Serialized files (Serialized files now loaded: 0)
System memory in use before: 149.1 MB.
System memory in use after: 149.4 MB.

Unloading 13 unused Assets to reduce memory usage. Loaded Objects now: 3764.
Total: 2.975200 ms (FindLiveObjects: 0.369500 ms CreateObjectMapping: 0.084200 ms MarkObjects: 2.501800 ms  DeleteObjects: 0.018300 ms)

========================================================================
Received Import Request.
  Time since last request: 1298.387506 seconds.
  path: Assets/Models/枪/textures/U-Rifle_Base_1_UV_1_Base_Body_AO.png
  artifactKey: Guid(1485f1fd6fec79d4ba587f9604e13c73) Importer(815301076,1909f56bfc062723c751e8b465ee728b)
Start importing Assets/Models/枪/textures/U-Rifle_Base_1_UV_1_Base_Body_AO.png using Guid(1485f1fd6fec79d4ba587f9604e13c73) Importer(815301076,1909f56bfc062723c751e8b465ee728b)  -> (artifact id: 'a11e779146e51120dfeb0d176ddb5569') in 0.249602 seconds
  Import took 0.278211 seconds .

========================================================================
Received Import Request.
  Time since last request: 0.000405 seconds.
  path: Assets/Models/枪/textures/U-Rifle_Base_1_UV_1_Base_Body_Roughness.png
  artifactKey: Guid(7b1368fdf3777a7488e6721a0d6e00aa) Importer(815301076,1909f56bfc062723c751e8b465ee728b)
Start importing Assets/Models/枪/textures/U-Rifle_Base_1_UV_1_Base_Body_Roughness.png using Guid(7b1368fdf3777a7488e6721a0d6e00aa) Importer(815301076,1909f56bfc062723c751e8b465ee728b)  -> (artifact id: '58f7496415a6caf50cdf80c57e8f14ef') in 0.089621 seconds
  Import took 0.116533 seconds .

========================================================================
Received Import Request.
  Time since last request: 0.000396 seconds.
  path: Assets/Models/DX/textures/飞行棋.jpg
  artifactKey: Guid(7f24ae5e7bba54f45b30c73da50ef77e) Importer(815301076,1909f56bfc062723c751e8b465ee728b)
Start importing Assets/Models/DX/textures/飞行棋.jpg using Guid(7f24ae5e7bba54f45b30c73da50ef77e) Importer(815301076,1909f56bfc062723c751e8b465ee728b)  -> (artifact id: '8b92a22334b66e169c9cc26111db3942') in 0.390945 seconds
  Import took 0.414746 seconds .

========================================================================
Received Import Request.
  Time since last request: 0.000398 seconds.
  path: Assets/Models/枪/textures/U-Rifle_Base_1_UV_2_Details_Black_Metallic.png
  artifactKey: Guid(d7ae84f38fec94e4cb0186ede78e67fc) Importer(815301076,1909f56bfc062723c751e8b465ee728b)
Start importing Assets/Models/枪/textures/U-Rifle_Base_1_UV_2_Details_Black_Metallic.png using Guid(d7ae84f38fec94e4cb0186ede78e67fc) Importer(815301076,1909f56bfc062723c751e8b465ee728b)  -> (artifact id: 'ca8f452e0e6373f4197fb963410c6c2c') in 0.096799 seconds
  Import took 0.116260 seconds .

========================================================================
Received Import Request.
  Time since last request: 0.000343 seconds.
  path: Assets/Models/树塔/textures/Wings_Metallic.png
  artifactKey: Guid(46a355419d5401747a2e0fdd67d741af) Importer(815301076,1909f56bfc062723c751e8b465ee728b)
Start importing Assets/Models/树塔/textures/Wings_Metallic.png using Guid(46a355419d5401747a2e0fdd67d741af) Importer(815301076,1909f56bfc062723c751e8b465ee728b)  -> (artifact id: '2d85cf8ba25ce7c14b6fe50b6ddff9b3') in 0.160909 seconds
  Import took 0.177981 seconds .

========================================================================
Received Import Request.
  Time since last request: 0.000414 seconds.
  path: Assets/Models/围栏/textures/WPlanks_MAT_Normal.png
  artifactKey: Guid(f39864ece69dac14d86adc0e93f53bb6) Importer(815301076,1909f56bfc062723c751e8b465ee728b)
Start importing Assets/Models/围栏/textures/WPlanks_MAT_Normal.png using Guid(f39864ece69dac14d86adc0e93f53bb6) Importer(815301076,1909f56bfc062723c751e8b465ee728b)  -> (artifact id: 'fb5f548af12c7d7849bb137d5ef3cc51') in 0.119692 seconds
  Import took 0.153630 seconds .

========================================================================
Received Import Request.
  Time since last request: 0.000384 seconds.
  path: Assets/Models/枪/textures/U-Rifle_Base_1_UV_1_Base_Body_Normal_Fix.png
  artifactKey: Guid(46e4ca1731079c747997d3b30cc5d945) Importer(815301076,1909f56bfc062723c751e8b465ee728b)
Start importing Assets/Models/枪/textures/U-Rifle_Base_1_UV_1_Base_Body_Normal_Fix.png using Guid(46e4ca1731079c747997d3b30cc5d945) Importer(815301076,1909f56bfc062723c751e8b465ee728b)  -> (artifact id: 'e2e5e7267ea2caa0424ab642284a85be') in 0.076600 seconds
  Import took 0.100042 seconds .

========================================================================
Received Import Request.
  Time since last request: 0.000429 seconds.
  path: Assets/Models/Titan/TI-J-1/XZ- T -T_Height.png
  artifactKey: Guid(31e0cd46101778743af1b711554e382e) Importer(815301076,1909f56bfc062723c751e8b465ee728b)
Start importing Assets/Models/Titan/TI-J-1/XZ- T -T_Height.png using Guid(31e0cd46101778743af1b711554e382e) Importer(815301076,1909f56bfc062723c751e8b465ee728b)  -> (artifact id: 'bb12981a27cecc2aa1dee7a9b42400b9') in 0.085934 seconds
  Import took 0.096964 seconds .

========================================================================
Received Import Request.
  Time since last request: 0.000354 seconds.
  path: Assets/Models/枪/textures/U-Rifle_Base_1_UV_1_Base_Body_BaseColor.png
  artifactKey: Guid(b498f902094edcf45ac594fe70cb52ab) Importer(815301076,1909f56bfc062723c751e8b465ee728b)
Start importing Assets/Models/枪/textures/U-Rifle_Base_1_UV_1_Base_Body_BaseColor.png using Guid(b498f902094edcf45ac594fe70cb52ab) Importer(815301076,1909f56bfc062723c751e8b465ee728b)  -> (artifact id: '0a0d33479461555dee0596f2b56b5413') in 0.031761 seconds
  Import took 0.106290 seconds .

========================================================================
Received Import Request.
  Time since last request: 0.000306 seconds.
  path: Assets/Models/驾驶舱/驾驶舱/侧板-color.png
  artifactKey: Guid(257511e83b39678409caaf43b31359fa) Importer(815301076,1909f56bfc062723c751e8b465ee728b)
Start importing Assets/Models/驾驶舱/驾驶舱/侧板-color.png using Guid(257511e83b39678409caaf43b31359fa) Importer(815301076,1909f56bfc062723c751e8b465ee728b)  -> (artifact id: '90aaaf6c97344f8df27631bc841175a5') in 0.177291 seconds
  Import took 0.203170 seconds .

========================================================================
Received Import Request.
  Time since last request: 0.000368 seconds.
  path: Assets/Models/驾驶舱/驾驶舱/底座-metallic.png
  artifactKey: Guid(c3b57185e461b5b45bb193a904e4ee43) Importer(815301076,1909f56bfc062723c751e8b465ee728b)
Start importing Assets/Models/驾驶舱/驾驶舱/底座-metallic.png using Guid(c3b57185e461b5b45bb193a904e4ee43) Importer(815301076,1909f56bfc062723c751e8b465ee728b)  -> (artifact id: 'a19ea8279ab8f359dba0f76d8d6596c4') in 0.092110 seconds
  Import took 0.098189 seconds .

========================================================================
Received Import Request.
  Time since last request: 0.000347 seconds.
  path: Assets/Models/围栏/textures/WPlanks_MAT_Roughness.png
  artifactKey: Guid(e761e469a5565c4448a953e4e9636679) Importer(815301076,1909f56bfc062723c751e8b465ee728b)
Start importing Assets/Models/围栏/textures/WPlanks_MAT_Roughness.png using Guid(e761e469a5565c4448a953e4e9636679) Importer(815301076,1909f56bfc062723c751e8b465ee728b)  -> (artifact id: '1624927a33d358944ae436ea9f8d458c') in 0.075944 seconds
  Import took 0.135946 seconds .

========================================================================
Received Import Request.
  Time since last request: 0.000510 seconds.
  path: Assets/Models/驾驶舱/驾驶舱/底座-Roughness.png
  artifactKey: Guid(d3f7b008a754a674b993e9a2c7337f67) Importer(815301076,1909f56bfc062723c751e8b465ee728b)
Start importing Assets/Models/驾驶舱/驾驶舱/底座-Roughness.png using Guid(d3f7b008a754a674b993e9a2c7337f67) Importer(815301076,1909f56bfc062723c751e8b465ee728b)  -> (artifact id: '2968c6dc677f0b27176797025b2cb727') in 0.057744 seconds
  Import took 0.073712 seconds .

========================================================================
Received Import Request.
  Time since last request: 0.000372 seconds.
  path: Assets/Mirror/Examples/Room/Materials/Textures/Wall01.tga
  artifactKey: Guid(0ce4715b95ec59e4ca799c740a5e144a) Importer(815301076,1909f56bfc062723c751e8b465ee728b)
Start importing Assets/Mirror/Examples/Room/Materials/Textures/Wall01.tga using Guid(0ce4715b95ec59e4ca799c740a5e144a) Importer(815301076,1909f56bfc062723c751e8b465ee728b)  -> (artifact id: 'fe08a950320013efb8965c9781b1d4c6') in 0.070751 seconds
  Import took 0.125559 seconds .

========================================================================
Received Import Request.
  Time since last request: 0.000405 seconds.
  path: Assets/Mirror/Examples/Cloud/PongWithListServer/Sprites/WallHorizontal.png
  artifactKey: Guid(0e02a5d1b4172d444aa04f1082aed12b) Importer(815301076,1909f56bfc062723c751e8b465ee728b)
Start importing Assets/Mirror/Examples/Cloud/PongWithListServer/Sprites/WallHorizontal.png using Guid(0e02a5d1b4172d444aa04f1082aed12b) Importer(815301076,1909f56bfc062723c751e8b465ee728b)  -> (artifact id: '43a10f9d1d53b1e69287fb8047f213f1') in 0.049457 seconds
  Import took 0.069145 seconds .

========================================================================
Received Import Request.
  Time since last request: 0.000347 seconds.
  path: Assets/Models/Titan/TI-J-1/XZ- T -T_Mixed_AO.png
  artifactKey: Guid(6657cb3b29db3e64ca11fde055ec30e6) Importer(815301076,1909f56bfc062723c751e8b465ee728b)
Start importing Assets/Models/Titan/TI-J-1/XZ- T -T_Mixed_AO.png using Guid(6657cb3b29db3e64ca11fde055ec30e6) Importer(815301076,1909f56bfc062723c751e8b465ee728b)  -> (artifact id: '2410809281836329fbfeb02bdc493442') in 0.074542 seconds
  Import took 0.080984 seconds .

========================================================================
Received Import Request.
  Time since last request: 0.000346 seconds.
  path: Assets/[不用管他]/喷射战士/油漆贴图/油漆粒子.psd
  artifactKey: Guid(d1ae05b5bbedec748947e7f2d3bda08f) Importer(815301076,1909f56bfc062723c751e8b465ee728b)
Start importing Assets/[不用管他]/喷射战士/油漆贴图/油漆粒子.psd using Guid(d1ae05b5bbedec748947e7f2d3bda08f) Importer(815301076,1909f56bfc062723c751e8b465ee728b)  -> (artifact id: '17360e9960e86a78a3d4ee2f0b88ab9c') in 0.155531 seconds
  Import took 0.288990 seconds .

========================================================================
Received Import Request.
  Time since last request: 0.000550 seconds.
  path: Assets/Models/围栏/textures/WFrames_MAT_Normal.png
  artifactKey: Guid(ab8ddf54bc6f6b64993fed3265f02e28) Importer(815301076,1909f56bfc062723c751e8b465ee728b)
Start importing Assets/Models/围栏/textures/WFrames_MAT_Normal.png using Guid(ab8ddf54bc6f6b64993fed3265f02e28) Importer(815301076,1909f56bfc062723c751e8b465ee728b)  -> (artifact id: '108510e0955546202900c10fd9fa3ec5') in 0.105507 seconds
  Import took 0.155011 seconds .

========================================================================
Received Import Request.
  Time since last request: 0.000361 seconds.
  path: Assets/Mirror/Examples/Pong/Sprites/WallHorizontal.png
  artifactKey: Guid(b931587800e08c54aa8dbbd6c15c894f) Importer(815301076,1909f56bfc062723c751e8b465ee728b)
Start importing Assets/Mirror/Examples/Pong/Sprites/WallHorizontal.png using Guid(b931587800e08c54aa8dbbd6c15c894f) Importer(815301076,1909f56bfc062723c751e8b465ee728b)  -> (artifact id: '5f82cbb69d48478cff9210e390d3c93f') in 0.033757 seconds
  Import took 0.092610 seconds .

========================================================================
Received Import Request.
  Time since last request: 0.000483 seconds.
  path: Assets/Models/驾驶舱/驾驶舱/前挡板-roughness.png
  artifactKey: Guid(3e90d2deca3ce1243854e85b367b3170) Importer(815301076,1909f56bfc062723c751e8b465ee728b)
Start importing Assets/Models/驾驶舱/驾驶舱/前挡板-roughness.png using Guid(3e90d2deca3ce1243854e85b367b3170) Importer(815301076,1909f56bfc062723c751e8b465ee728b)  -> (artifact id: 'cbb18da6895d7a14104c59fc66d1384e') in 0.105310 seconds
  Import took 0.153549 seconds .

========================================================================
Received Import Request.
  Time since last request: 0.000337 seconds.
  path: Assets/Models/驾驶舱/驾驶舱/数据板-color.png
  artifactKey: Guid(2b40788f51beb0045bab1d1c808372ca) Importer(815301076,1909f56bfc062723c751e8b465ee728b)
Start importing Assets/Models/驾驶舱/驾驶舱/数据板-color.png using Guid(2b40788f51beb0045bab1d1c808372ca) Importer(815301076,1909f56bfc062723c751e8b465ee728b)  -> (artifact id: 'e9f1c8c5dfc3446dfc886ac27c4c9639') in 1.360878 seconds
  Import took 1.375742 seconds .

========================================================================
Received Import Request.
  Time since last request: 0.000314 seconds.
  path: Assets/Mirror/Examples/Cloud/PongWithListServer/Sprites/WallVertical.png
  artifactKey: Guid(f43241f798f4cf944be80d465435c252) Importer(815301076,1909f56bfc062723c751e8b465ee728b)
Start importing Assets/Mirror/Examples/Cloud/PongWithListServer/Sprites/WallVertical.png using Guid(f43241f798f4cf944be80d465435c252) Importer(815301076,1909f56bfc062723c751e8b465ee728b)  -> (artifact id: 'cf5596d136ae53a74ef1e3a0913f8399') in 0.061660 seconds
  Import took 0.111759 seconds .

========================================================================
Received Import Request.
  Time since last request: 0.000458 seconds.
  path: Assets/Models/驾驶舱/驾驶舱/前挡板-normal.png
  artifactKey: Guid(21c9725c0cd75a24b91f06f8dfc79d37) Importer(815301076,1909f56bfc062723c751e8b465ee728b)
Start importing Assets/Models/驾驶舱/驾驶舱/前挡板-normal.png using Guid(21c9725c0cd75a24b91f06f8dfc79d37) Importer(815301076,1909f56bfc062723c751e8b465ee728b)  -> (artifact id: '18a915b7e891e978a7e0bf7070e56a1b') in 0.057401 seconds
  Import took 0.074136 seconds .

========================================================================
Received Import Request.
  Time since last request: 0.000402 seconds.
  path: Assets/Models/枪/textures/U-Rifle_Base_1_UV_2_Details_Black_BaseColo.png
  artifactKey: Guid(e847d19c9c389274f80c483bf3db3d27) Importer(815301076,1909f56bfc062723c751e8b465ee728b)
Start importing Assets/Models/枪/textures/U-Rifle_Base_1_UV_2_Details_Black_BaseColo.png using Guid(e847d19c9c389274f80c483bf3db3d27) Importer(815301076,1909f56bfc062723c751e8b465ee728b)  -> (artifact id: 'cff1d5fec9d362eb30c39a4f986f0087') in 0.048062 seconds
  Import took 0.104108 seconds .

========================================================================
Received Import Request.
  Time since last request: 0.000501 seconds.
  path: Assets/Models/枪/textures/U-Rifle_Base_1_UV_2_Details_Black_Roughnes.png
  artifactKey: Guid(5ed26e03147faac40abe3500bf525800) Importer(815301076,1909f56bfc062723c751e8b465ee728b)
Start importing Assets/Models/枪/textures/U-Rifle_Base_1_UV_2_Details_Black_Roughnes.png using Guid(5ed26e03147faac40abe3500bf525800) Importer(815301076,1909f56bfc062723c751e8b465ee728b)  -> (artifact id: 'aa1abad735c4065e43d36a1b53b4dca9') in 0.057259 seconds
  Import took 0.081957 seconds .

========================================================================
Received Import Request.
  Time since last request: 0.000594 seconds.
  path: Assets/Models/围栏/textures/WFrames_MAT_Roughness.png
  artifactKey: Guid(73165ca66ba6e0c4e9c347a052852ec8) Importer(815301076,1909f56bfc062723c751e8b465ee728b)
Start importing Assets/Models/围栏/textures/WFrames_MAT_Roughness.png using Guid(73165ca66ba6e0c4e9c347a052852ec8) Importer(815301076,1909f56bfc062723c751e8b465ee728b)  -> (artifact id: '28d82a976f650385331537a18b64f40a') in 0.080688 seconds
  Import took 0.088818 seconds .

========================================================================
Received Import Request.
  Time since last request: 0.000314 seconds.
  path: Assets/Models/树塔/textures/Wings_Albedo.png
  artifactKey: Guid(d5e1b88965226d644ae07264c66a628c) Importer(815301076,1909f56bfc062723c751e8b465ee728b)
Start importing Assets/Models/树塔/textures/Wings_Albedo.png using Guid(d5e1b88965226d644ae07264c66a628c) Importer(815301076,1909f56bfc062723c751e8b465ee728b)  -> (artifact id: '1fa1b17dda79b220e0f6de990e72f14b') in 0.108560 seconds
  Import took 0.180151 seconds .

========================================================================
Received Import Request.
  Time since last request: 0.000601 seconds.
  path: Assets/Models/驾驶舱/驾驶舱/数据板-metallic.png
  artifactKey: Guid(280f21043a2aa6546887c910246950e4) Importer(815301076,1909f56bfc062723c751e8b465ee728b)
Start importing Assets/Models/驾驶舱/驾驶舱/数据板-metallic.png using Guid(280f21043a2aa6546887c910246950e4) Importer(815301076,1909f56bfc062723c751e8b465ee728b)  -> (artifact id: 'bc8973bd4fc77c4693cb5ef66681ec7e') in 0.097771 seconds
  Import took 0.114510 seconds .

========================================================================
Received Import Request.
  Time since last request: 0.000368 seconds.
  path: Assets/[不用管他]/喷射战士/贴图/油漆粒子.psd
  artifactKey: Guid(0d99056fa331f3145bca4903d126dc8b) Importer(815301076,1909f56bfc062723c751e8b465ee728b)
Start importing Assets/[不用管他]/喷射战士/贴图/油漆粒子.psd using Guid(0d99056fa331f3145bca4903d126dc8b) Importer(815301076,1909f56bfc062723c751e8b465ee728b)  -> (artifact id: 'e24aceee28597b1d5c309dd22eb0989c') in 0.025450 seconds
  Import took 0.076367 seconds .

========================================================================
Received Import Request.
  Time since last request: 0.000362 seconds.
  path: Assets/Models/围栏/textures/WFrames_MAT_BaseColor.png
  artifactKey: Guid(989b80c39829d8245bffec6fe4dd3122) Importer(815301076,1909f56bfc062723c751e8b465ee728b)
Start importing Assets/Models/围栏/textures/WFrames_MAT_BaseColor.png using Guid(989b80c39829d8245bffec6fe4dd3122) Importer(815301076,1909f56bfc062723c751e8b465ee728b)  -> (artifact id: 'f81fcd4daa8cfd444df68c224502130b') in 0.085547 seconds
  Import took 0.144640 seconds .

========================================================================
Received Import Request.
  Time since last request: 0.000298 seconds.
  path: Assets/Models/Titan/TI-J-1/XZ- T -T_Normal_OpenGL.png
  artifactKey: Guid(b95abf2ee324d054d83eca7bfb6d6d23) Importer(815301076,1909f56bfc062723c751e8b465ee728b)
Start importing Assets/Models/Titan/TI-J-1/XZ- T -T_Normal_OpenGL.png using Guid(b95abf2ee324d054d83eca7bfb6d6d23) Importer(815301076,1909f56bfc062723c751e8b465ee728b)  -> (artifact id: '5af3569baea3335daf4d6e0aeda007bb') in 0.086308 seconds
  Import took 0.129920 seconds .

========================================================================
Received Import Request.
  Time since last request: 0.000603 seconds.
  path: Assets/Models/驾驶舱/驾驶舱/前挡板-AO.png
  artifactKey: Guid(18c411a863d7d0147954b402a0ccb2a1) Importer(815301076,1909f56bfc062723c751e8b465ee728b)
Start importing Assets/Models/驾驶舱/驾驶舱/前挡板-AO.png using Guid(18c411a863d7d0147954b402a0ccb2a1) Importer(815301076,1909f56bfc062723c751e8b465ee728b)  -> (artifact id: '01c3ff83a1b7e1d6b52c09e130248b37') in 0.076195 seconds
  Import took 0.092614 seconds .

========================================================================
Received Import Request.
  Time since last request: 0.000425 seconds.
  path: Assets/Models/Titan/TI-J-1/XZ- T -T_Base_Color.png
  artifactKey: Guid(5b975e3635215fd4a868932736cd92e0) Importer(815301076,1909f56bfc062723c751e8b465ee728b)
Start importing Assets/Models/Titan/TI-J-1/XZ- T -T_Base_Color.png using Guid(5b975e3635215fd4a868932736cd92e0) Importer(815301076,1909f56bfc062723c751e8b465ee728b)  -> (artifact id: 'f6c7501fbc12df981a6caaeffd861a47') in 0.104091 seconds
  Import took 0.125863 seconds .

========================================================================
Received Import Request.
  Time since last request: 0.000546 seconds.
  path: Assets/[不用管他]/Smoke & Steam Effects/Textures/wispySmoke.tif
  artifactKey: Guid(b96c69e599825d84e985962673d1679c) Importer(815301076,1909f56bfc062723c751e8b465ee728b)
Start importing Assets/[不用管他]/Smoke & Steam Effects/Textures/wispySmoke.tif using Guid(b96c69e599825d84e985962673d1679c) Importer(815301076,1909f56bfc062723c751e8b465ee728b)  -> (artifact id: '102d7a76a70c11a1096c9359d7c2500a') in 0.295791 seconds
  Import took 0.356226 seconds .

========================================================================
Received Import Request.
  Time since last request: 0.000285 seconds.
  path: Assets/Textures/小地图.renderTexture
  artifactKey: Guid(9290b46afdc76bf4ea1af7db05d98a8d) Importer(815301076,1909f56bfc062723c751e8b465ee728b)
Start importing Assets/Textures/小地图.renderTexture using Guid(9290b46afdc76bf4ea1af7db05d98a8d) Importer(815301076,1909f56bfc062723c751e8b465ee728b)  -> (artifact id: 'e0f5765fbb4818ec170b829ce46637fd') in 0.074986 seconds
  Import took 0.142401 seconds .

========================================================================
Received Import Request.
  Time since last request: 0.000407 seconds.
  path: Assets/Models/地面/地面组-1-textures/untitled_STRUCRUTAL_Material_BaseColor.png
  artifactKey: Guid(2caa81a24e13f0842adcee2759ae4ce0) Importer(815301076,1909f56bfc062723c751e8b465ee728b)
Start importing Assets/Models/地面/地面组-1-textures/untitled_STRUCRUTAL_Material_BaseColor.png using Guid(2caa81a24e13f0842adcee2759ae4ce0) Importer(815301076,1909f56bfc062723c751e8b465ee728b)  -> (artifact id: '1ee645320e13f62b8110551908c5bcf9') in 0.105099 seconds
  Import took 0.112969 seconds .

========================================================================
Received Import Request.
  Time since last request: 0.000285 seconds.
  path: Assets/Models/Titan/TI-J-1/XZ- T -T_Emissive.png
  artifactKey: Guid(9498fe208b4fa1e438ab1e25c4b5a309) Importer(815301076,1909f56bfc062723c751e8b465ee728b)
Start importing Assets/Models/Titan/TI-J-1/XZ- T -T_Emissive.png using Guid(9498fe208b4fa1e438ab1e25c4b5a309) Importer(815301076,1909f56bfc062723c751e8b465ee728b)  -> (artifact id: 'bef40ce58be2be3242a25f7235107926') in 0.136473 seconds
  Import took 0.234586 seconds .

========================================================================
Received Import Request.
  Time since last request: 0.000323 seconds.
  path: Assets/Models/驾驶舱/驾驶舱/外栏杆-noraml.png
  artifactKey: Guid(748f8d1825f2d4f47b6e3dd574616c40) Importer(815301076,1909f56bfc062723c751e8b465ee728b)
Start importing Assets/Models/驾驶舱/驾驶舱/外栏杆-noraml.png using Guid(748f8d1825f2d4f47b6e3dd574616c40) Importer(815301076,1909f56bfc062723c751e8b465ee728b)  -> (artifact id: '11f4eaebee8f691218cc40981e5a27a3') in 0.063214 seconds
  Import took 0.068827 seconds .

========================================================================
Received Import Request.
  Time since last request: 0.000346 seconds.
  path: Assets/Models/驾驶舱/驾驶舱/侧板--metallic.png
  artifactKey: Guid(4f1346d6073dd4947910ec2ae60a2bdd) Importer(815301076,1909f56bfc062723c751e8b465ee728b)
Start importing Assets/Models/驾驶舱/驾驶舱/侧板--metallic.png using Guid(4f1346d6073dd4947910ec2ae60a2bdd) Importer(815301076,1909f56bfc062723c751e8b465ee728b)  -> (artifact id: '12b19d3287ee6007ffa7ee3906ca794a') in 0.161929 seconds
  Import took 0.209931 seconds .

========================================================================
Received Import Request.
  Time since last request: 0.000425 seconds.
  path: Assets/Models/树塔/textures/Wings_AO.png
  artifactKey: Guid(8874093e2e56a7c4e858702ed1490676) Importer(815301076,1909f56bfc062723c751e8b465ee728b)
Start importing Assets/Models/树塔/textures/Wings_AO.png using Guid(8874093e2e56a7c4e858702ed1490676) Importer(815301076,1909f56bfc062723c751e8b465ee728b)  -> (artifact id: '4b5217dded77ff810e56289f2b51c0dc') in 0.061187 seconds
  Import took 0.066343 seconds .

========================================================================
Received Import Request.
  Time since last request: 0.000309 seconds.
  path: Assets/Models/驾驶舱/驾驶舱/数据板-AO.png
  artifactKey: Guid(c5c0e2c0beba6cb4fad69dc03bb023eb) Importer(815301076,1909f56bfc062723c751e8b465ee728b)
Start importing Assets/Models/驾驶舱/驾驶舱/数据板-AO.png using Guid(c5c0e2c0beba6cb4fad69dc03bb023eb) Importer(815301076,1909f56bfc062723c751e8b465ee728b)  -> (artifact id: '8509d018e43a79a64f96779dd49bc4cb') in 0.168060 seconds
  Import took 0.208514 seconds .

========================================================================
Received Import Request.
  Time since last request: 0.000306 seconds.
  path: Assets/Models/驾驶舱/驾驶舱/底座-color.png
  artifactKey: Guid(93af547be877b6c4a97382f8df16fae9) Importer(815301076,1909f56bfc062723c751e8b465ee728b)
Start importing Assets/Models/驾驶舱/驾驶舱/底座-color.png using Guid(93af547be877b6c4a97382f8df16fae9) Importer(815301076,1909f56bfc062723c751e8b465ee728b)  -> (artifact id: '49a8b809e2f162f2c10934bed5be4338') in 0.050684 seconds
  Import took 0.072467 seconds .

========================================================================
Received Import Request.
  Time since last request: 0.000300 seconds.
  path: Assets/Models/棋盘/textures/White_Piece_Albedo.png
  artifactKey: Guid(2e92117553cec9740ac90acf72d513a3) Importer(815301076,1909f56bfc062723c751e8b465ee728b)
Start importing Assets/Models/棋盘/textures/White_Piece_Albedo.png using Guid(2e92117553cec9740ac90acf72d513a3) Importer(815301076,1909f56bfc062723c751e8b465ee728b)  -> (artifact id: 'fcfbced35307add4ed7b8946d0a128f5') in 0.078309 seconds
  Import took 0.098364 seconds .

========================================================================
Received Import Request.
  Time since last request: 0.000307 seconds.
  path: Assets/Models/棋盘/textures/White_Piece_Roughness.png
  artifactKey: Guid(473caede56016d341988c5963ff5660b) Importer(815301076,1909f56bfc062723c751e8b465ee728b)
Start importing Assets/Models/棋盘/textures/White_Piece_Roughness.png using Guid(473caede56016d341988c5963ff5660b) Importer(815301076,1909f56bfc062723c751e8b465ee728b)  -> (artifact id: 'd8c464c8259d222cb0c4ce5e86f1fa40') in 0.059506 seconds
  Import took 0.074085 seconds .

========================================================================
Received Import Request.
  Time since last request: 0.000288 seconds.
  path: Assets/Models/枪/textures/U-Rifle_Base_1_UV_2_Details_Black_Normal.png
  artifactKey: Guid(4b5d04e6d22086b439ddd29b8197d7cb) Importer(815301076,1909f56bfc062723c751e8b465ee728b)
Start importing Assets/Models/枪/textures/U-Rifle_Base_1_UV_2_Details_Black_Normal.png using Guid(4b5d04e6d22086b439ddd29b8197d7cb) Importer(815301076,1909f56bfc062723c751e8b465ee728b)  -> (artifact id: '6abc3d6bd725119dcf08f3ddab12435a') in 0.019311 seconds
  Import took 0.102132 seconds .

========================================================================
Received Import Request.
  Time since last request: 0.000283 seconds.
  path: Assets/Models/驾驶舱/驾驶舱/数据板-normal.png
  artifactKey: Guid(fd80b46175c521d4caadb73038764095) Importer(815301076,1909f56bfc062723c751e8b465ee728b)
Start importing Assets/Models/驾驶舱/驾驶舱/数据板-normal.png using Guid(fd80b46175c521d4caadb73038764095) Importer(815301076,1909f56bfc062723c751e8b465ee728b)  -> (artifact id: '5fbe5e785399cf7dde015b25bd59e199') in 0.051565 seconds
  Import took 0.056428 seconds .

========================================================================
Received Import Request.
  Time since last request: 0.000297 seconds.
  path: Assets/Mirror/Examples/Pong/Sprites/WallVertical.png
  artifactKey: Guid(0f2833a292a197d4fb0385a8efa1dc91) Importer(815301076,1909f56bfc062723c751e8b465ee728b)
Start importing Assets/Mirror/Examples/Pong/Sprites/WallVertical.png using Guid(0f2833a292a197d4fb0385a8efa1dc91) Importer(815301076,1909f56bfc062723c751e8b465ee728b)  -> (artifact id: 'db75f795371c3e37621e9843db5c62d9') in 1.250489 seconds
  Import took 1.293748 seconds .

========================================================================
Received Import Request.
  Time since last request: 0.000279 seconds.
  path: Assets/[不用管他]/Smoke & Steam Effects/Textures/WispySmokeNormal.tif
  artifactKey: Guid(b7e9b138ba248a44f957941f56c3b0d4) Importer(815301076,1909f56bfc062723c751e8b465ee728b)
Start importing Assets/[不用管他]/Smoke & Steam Effects/Textures/WispySmokeNormal.tif using Guid(b7e9b138ba248a44f957941f56c3b0d4) Importer(815301076,1909f56bfc062723c751e8b465ee728b)  -> (artifact id: '959f5773c3882599143b1a460c1c81f3') in 0.055477 seconds
  Import took 0.068872 seconds .

========================================================================
Received Import Request.
  Time since last request: 0.000344 seconds.
  path: Assets/Models/树塔/textures/Wings_Roughness.png
  artifactKey: Guid(79a6ba7becffd544ca6845b19b01bc45) Importer(815301076,1909f56bfc062723c751e8b465ee728b)
Start importing Assets/Models/树塔/textures/Wings_Roughness.png using Guid(79a6ba7becffd544ca6845b19b01bc45) Importer(815301076,1909f56bfc062723c751e8b465ee728b)  -> (artifact id: '0558a0ac3cc1e12282839275b0b42992') in 0.057385 seconds
  Import took 0.068410 seconds .

========================================================================
Received Import Request.
  Time since last request: 0.000340 seconds.
  path: Assets/Models/Titan/TI-J-1/XZ- T -T_Metallic.png
  artifactKey: Guid(e85788c589469bc499ac5fa88dccabb7) Importer(815301076,1909f56bfc062723c751e8b465ee728b)
Start importing Assets/Models/Titan/TI-J-1/XZ- T -T_Metallic.png using Guid(e85788c589469bc499ac5fa88dccabb7) Importer(815301076,1909f56bfc062723c751e8b465ee728b)  -> (artifact id: '018df3c6cc87cde1d1b9ddd08ba20c00') in 0.071750 seconds
  Import took 0.077153 seconds .

========================================================================
Received Import Request.
  Time since last request: 0.000336 seconds.
  path: Assets/Textures/水/waves_n.png
  artifactKey: Guid(5bb69dac33e4255458e97061e476a119) Importer(815301076,1909f56bfc062723c751e8b465ee728b)
Start importing Assets/Textures/水/waves_n.png using Guid(5bb69dac33e4255458e97061e476a119) Importer(815301076,1909f56bfc062723c751e8b465ee728b)  -> (artifact id: '9ef3d93cc81d9eb06dd4d95390599f31') in 0.041717 seconds
  Import took 0.059232 seconds .

========================================================================
Received Import Request.
  Time since last request: 0.000413 seconds.
  path: Assets/Models/Titan/TI-J-1/XZ- T -T_Opacity.png
  artifactKey: Guid(0c44a66e2af5c1248b60f8b4366a012f) Importer(815301076,1909f56bfc062723c751e8b465ee728b)
Start importing Assets/Models/Titan/TI-J-1/XZ- T -T_Opacity.png using Guid(0c44a66e2af5c1248b60f8b4366a012f) Importer(815301076,1909f56bfc062723c751e8b465ee728b)  -> (artifact id: 'ac26b1490aca8fab0cc8635e08eeb363') in 0.075051 seconds
  Import took 0.094580 seconds .

========================================================================
Received Import Request.
  Time since last request: 0.000300 seconds.
  path: Assets/Mirror/Examples/Room/Materials/Textures/Wall01_n.tga
  artifactKey: Guid(1ef4aad253cf7e9488305da905643f09) Importer(815301076,1909f56bfc062723c751e8b465ee728b)
Start importing Assets/Mirror/Examples/Room/Materials/Textures/Wall01_n.tga using Guid(1ef4aad253cf7e9488305da905643f09) Importer(815301076,1909f56bfc062723c751e8b465ee728b)  -> (artifact id: 'acbc010312a1065816671d377bd2a6f7') in 0.041893 seconds
  Import took 0.047458 seconds .

========================================================================
Received Import Request.
  Time since last request: 0.000346 seconds.
  path: Assets/Models/驾驶舱/驾驶舱/侧板-AO.png
  artifactKey: Guid(acf194b179258554790824cc42cde67b) Importer(815301076,1909f56bfc062723c751e8b465ee728b)
Start importing Assets/Models/驾驶舱/驾驶舱/侧板-AO.png using Guid(acf194b179258554790824cc42cde67b) Importer(815301076,1909f56bfc062723c751e8b465ee728b)  -> (artifact id: '067ad493d75948cf377c362eeaf3ea22') in 0.103752 seconds
  Import took 0.119262 seconds .

========================================================================
Received Import Request.
  Time since last request: 0.000366 seconds.
  path: Assets/Models/地面/地面组-1-textures/untitled_STRUCRUTAL_Material_Height.png
  artifactKey: Guid(d72ca60f420da2843b748472c5abe2b1) Importer(815301076,1909f56bfc062723c751e8b465ee728b)
Start importing Assets/Models/地面/地面组-1-textures/untitled_STRUCRUTAL_Material_Height.png using Guid(d72ca60f420da2843b748472c5abe2b1) Importer(815301076,1909f56bfc062723c751e8b465ee728b)  -> (artifact id: '9ea32415fe619ee7352707c7dff45e0f') in 0.056861 seconds
  Import took 0.125119 seconds .

========================================================================
Received Import Request.
  Time since last request: 0.000415 seconds.
  path: Assets/Models/枪/textures/U-Rifle_Base_1_UV_1_Base_Body_Metallic.png
  artifactKey: Guid(445af4d0a226caf43836b294b560b61f) Importer(815301076,1909f56bfc062723c751e8b465ee728b)
Start importing Assets/Models/枪/textures/U-Rifle_Base_1_UV_1_Base_Body_Metallic.png using Guid(445af4d0a226caf43836b294b560b61f) Importer(815301076,1909f56bfc062723c751e8b465ee728b)  -> (artifact id: 'de06ddea9d670513f232a54be19cf8c2') in 0.092301 seconds
  Import took 0.099010 seconds .

========================================================================
Received Import Request.
  Time since last request: 0.000355 seconds.
  path: Assets/Models/枪/textures/U-Rifle_Base_1_UV_2_Details_Black_AO.png
  artifactKey: Guid(0bac42787bc5f58469df493255b313b6) Importer(815301076,1909f56bfc062723c751e8b465ee728b)
Start importing Assets/Models/枪/textures/U-Rifle_Base_1_UV_2_Details_Black_AO.png using Guid(0bac42787bc5f58469df493255b313b6) Importer(815301076,1909f56bfc062723c751e8b465ee728b)  -> (artifact id: '3d392e4c3e1b0785e17dfb18ea28d6eb') in 0.108688 seconds
  Import took 0.124034 seconds .

========================================================================
Received Import Request.
  Time since last request: 0.000350 seconds.
  path: Assets/Models/驾驶舱/驾驶舱/前挡板-MEtaLLIS.png
  artifactKey: Guid(4f9618bf3c42c5a47a5cb5520f86546f) Importer(815301076,1909f56bfc062723c751e8b465ee728b)
Start importing Assets/Models/驾驶舱/驾驶舱/前挡板-MEtaLLIS.png using Guid(4f9618bf3c42c5a47a5cb5520f86546f) Importer(815301076,1909f56bfc062723c751e8b465ee728b)  -> (artifact id: 'f1b41dd6c00332f5141ebb362e5df136') in 0.051287 seconds
  Import took 0.056732 seconds .

========================================================================
Received Import Request.
  Time since last request: 0.000391 seconds.
  path: Assets/Models/驾驶舱/驾驶舱/数据板-roughness.png
  artifactKey: Guid(a65fec0b12ac70f4a8e46313a03c2399) Importer(815301076,1909f56bfc062723c751e8b465ee728b)
Start importing Assets/Models/驾驶舱/驾驶舱/数据板-roughness.png using Guid(a65fec0b12ac70f4a8e46313a03c2399) Importer(815301076,1909f56bfc062723c751e8b465ee728b)  -> (artifact id: '3384e8e1d03fb0bd62516f1e22277636') in 0.134969 seconds
  Import took 0.196943 seconds .

========================================================================
Received Import Request.
  Time since last request: 0.000424 seconds.
  path: Assets/Models/围栏/textures/WPlanks_MAT_BaseColor.png
  artifactKey: Guid(439ac783e127ad14f888cb8181797960) Importer(815301076,1909f56bfc062723c751e8b465ee728b)
Start importing Assets/Models/围栏/textures/WPlanks_MAT_BaseColor.png using Guid(439ac783e127ad14f888cb8181797960) Importer(815301076,1909f56bfc062723c751e8b465ee728b)  -> (artifact id: '8809d675a3fc8cad2379b0265e1eb9e0') in 0.085879 seconds
  Import took 0.099290 seconds .

========================================================================
Received Import Request.
  Time since last request: 0.000401 seconds.
  path: Assets/Models/驾驶舱/驾驶舱/侧板-roughness.png
  artifactKey: Guid(45efea845f0d15b4bae2d9aad630bb13) Importer(815301076,1909f56bfc062723c751e8b465ee728b)
Start importing Assets/Models/驾驶舱/驾驶舱/侧板-roughness.png using Guid(45efea845f0d15b4bae2d9aad630bb13) Importer(815301076,1909f56bfc062723c751e8b465ee728b)  -> (artifact id: 'da9cd1eedc7a1312d41b1414bfc5e54e') in 0.065194 seconds
  Import took 0.071183 seconds .

========================================================================
Received Import Request.
  Time since last request: 0.000415 seconds.
  path: Assets/Models/围栏/textures/WFrames_MAT_Metallic.png
  artifactKey: Guid(c21f0506a1b2a1648b68398824782ebf) Importer(815301076,1909f56bfc062723c751e8b465ee728b)
Start importing Assets/Models/围栏/textures/WFrames_MAT_Metallic.png using Guid(c21f0506a1b2a1648b68398824782ebf) Importer(815301076,1909f56bfc062723c751e8b465ee728b)  -> (artifact id: '787f9eb679a4f349f24c75907222514c') in 0.102107 seconds
  Import took 0.113706 seconds .

========================================================================
Received Import Request.
  Time since last request: 0.000317 seconds.
  path: Assets/Models/棋盘/textures/White_Piece_Normal.png
  artifactKey: Guid(a1a40f37a74528f479c6a1c1123fbae9) Importer(815301076,1909f56bfc062723c751e8b465ee728b)
Start importing Assets/Models/棋盘/textures/White_Piece_Normal.png using Guid(a1a40f37a74528f479c6a1c1123fbae9) Importer(815301076,1909f56bfc062723c751e8b465ee728b)  -> (artifact id: '2250c0a2d9b5cf73c9b4e75e4574db72') in 0.092725 seconds
  Import took 0.145514 seconds .

========================================================================
Received Import Request.
  Time since last request: 0.000392 seconds.
  path: Assets/Models/驾驶舱/驾驶舱/底座-normal.png
  artifactKey: Guid(479bdc8bcaf24be419d8b92b001df760) Importer(815301076,1909f56bfc062723c751e8b465ee728b)
Start importing Assets/Models/驾驶舱/驾驶舱/底座-normal.png using Guid(479bdc8bcaf24be419d8b92b001df760) Importer(815301076,1909f56bfc062723c751e8b465ee728b)  -> (artifact id: '4da8d15359bc47ba67a7a776dd1ec00c') in 0.059588 seconds
  Import took 0.072438 seconds .

========================================================================
Received Import Request.
  Time since last request: 0.000453 seconds.
  path: Assets/Models/Titan/TI-J-1/XZ- T -T_Roughness.png
  artifactKey: Guid(8e4ff4fd3cec9ee4495acff3da96ce8f) Importer(815301076,1909f56bfc062723c751e8b465ee728b)
Start importing Assets/Models/Titan/TI-J-1/XZ- T -T_Roughness.png using Guid(8e4ff4fd3cec9ee4495acff3da96ce8f) Importer(815301076,1909f56bfc062723c751e8b465ee728b)  -> (artifact id: 'dc6120cd2f1858bd1892b40ee6ec80a8') in 0.325963 seconds
  Import took 0.344773 seconds .

========================================================================
Received Import Request.
  Time since last request: 0.000311 seconds.
  path: Assets/[不用管他]/喷射战士/贴图/油漆.psd
  artifactKey: Guid(e14669d13304ef54eafa08d47bb4b05f) Importer(815301076,1909f56bfc062723c751e8b465ee728b)
Start importing Assets/[不用管他]/喷射战士/贴图/油漆.psd using Guid(e14669d13304ef54eafa08d47bb4b05f) Importer(815301076,1909f56bfc062723c751e8b465ee728b)  -> (artifact id: 'ce489bfc2fcd8ec33ec29ed4cf082ae1') in 0.018637 seconds
  Import took 0.080329 seconds .

========================================================================
Received Import Request.
  Time since last request: 0.000289 seconds.
  path: Assets/Models/驾驶舱/驾驶舱/底座-AO.png
  artifactKey: Guid(eab49b9cdd8ec3e438195dcb8634d531) Importer(815301076,1909f56bfc062723c751e8b465ee728b)
Start importing Assets/Models/驾驶舱/驾驶舱/底座-AO.png using Guid(eab49b9cdd8ec3e438195dcb8634d531) Importer(815301076,1909f56bfc062723c751e8b465ee728b)  -> (artifact id: 'b86af953f22dc6a6b1e8e1662e7b4318') in 0.070246 seconds
  Import took 0.087160 seconds .

========================================================================
Received Import Request.
  Time since last request: 0.000396 seconds.
  path: Assets/[不用管他]/Water Effects/Textures/WaterNormal.tif
  artifactKey: Guid(5d5f4575f58c52f4dbf3d0581eba8a12) Importer(815301076,1909f56bfc062723c751e8b465ee728b)
Start importing Assets/[不用管他]/Water Effects/Textures/WaterNormal.tif using Guid(5d5f4575f58c52f4dbf3d0581eba8a12) Importer(815301076,1909f56bfc062723c751e8b465ee728b)  -> (artifact id: 'ee0b40da07ba5921cba929018b33e13d') in 0.058778 seconds
  Import took 0.119659 seconds .

========================================================================
Received Import Request.
  Time since last request: 0.000848 seconds.
  path: Assets/Models/地面/地面组-1-textures/untitled_STRUCRUTAL_Material_Roughness.png
  artifactKey: Guid(98586181ae96a6245a01795be23fb965) Importer(815301076,1909f56bfc062723c751e8b465ee728b)
Start importing Assets/Models/地面/地面组-1-textures/untitled_STRUCRUTAL_Material_Roughness.png using Guid(98586181ae96a6245a01795be23fb965) Importer(815301076,1909f56bfc062723c751e8b465ee728b)  -> (artifact id: '9a2fe0b48b17759243376e6391eb89cc') in 0.129861 seconds
  Import took 0.237736 seconds .

========================================================================
Received Import Request.
  Time since last request: 0.000323 seconds.
  path: Assets/Models/棋盘/textures/White_Piece_AO.png
  artifactKey: Guid(e32872eaf8d42ee47abba6ad66ae6bbf) Importer(815301076,1909f56bfc062723c751e8b465ee728b)
Start importing Assets/Models/棋盘/textures/White_Piece_AO.png using Guid(e32872eaf8d42ee47abba6ad66ae6bbf) Importer(815301076,1909f56bfc062723c751e8b465ee728b)  -> (artifact id: '72b88bef8bd0a726875df9e90ccbce5a') in 0.058482 seconds
  Import took 0.106618 seconds .

========================================================================
Received Import Request.
  Time since last request: 0.000434 seconds.
  path: Assets/Models/地面/地面组-1-textures/untitled_STRUCRUTAL_Material_Metallic.png
  artifactKey: Guid(6a7ef5b4cd1675e4696b60675676c092) Importer(815301076,1909f56bfc062723c751e8b465ee728b)
Start importing Assets/Models/地面/地面组-1-textures/untitled_STRUCRUTAL_Material_Metallic.png using Guid(6a7ef5b4cd1675e4696b60675676c092) Importer(815301076,1909f56bfc062723c751e8b465ee728b)  -> (artifact id: 'c3a879c94633cfa2262253c68ba328a7') in 0.157917 seconds
  Import took 0.163365 seconds .

========================================================================
Received Import Request.
  Time since last request: 0.000310 seconds.
  path: Assets/Models/驾驶舱/驾驶舱/前挡板-color.png
  artifactKey: Guid(b33a4d04f34c74a47becccd926e53276) Importer(815301076,1909f56bfc062723c751e8b465ee728b)
Start importing Assets/Models/驾驶舱/驾驶舱/前挡板-color.png using Guid(b33a4d04f34c74a47becccd926e53276) Importer(815301076,1909f56bfc062723c751e8b465ee728b)  -> (artifact id: '49882dba27fdf747b52e6659014b33bc') in 0.086459 seconds
  Import took 0.099773 seconds .

========================================================================
Received Import Request.
  Time since last request: 0.000323 seconds.
  path: Assets/Models/地面/地面组-1-textures/untitled_STRUCRUTAL_Material_Normal.png
  artifactKey: Guid(495dbaf5be00d754e8c3e41edcca5f0b) Importer(815301076,1909f56bfc062723c751e8b465ee728b)
Start importing Assets/Models/地面/地面组-1-textures/untitled_STRUCRUTAL_Material_Normal.png using Guid(495dbaf5be00d754e8c3e41edcca5f0b) Importer(815301076,1909f56bfc062723c751e8b465ee728b)  -> (artifact id: '0124c645d316d52d05553115b1ce3a91') in 0.082618 seconds
  Import took 0.088115 seconds .

========================================================================
Received Import Request.
  Time since last request: 55.279573 seconds.
  path: Assets/Scripts/NetworkedBullet/BulletBrushParticlesManager.cs
  artifactKey: Guid(ebf2ca14ff78ba0468dfe514c5ba1dca) Importer(815301076,1909f56bfc062723c751e8b465ee728b)
Start importing Assets/Scripts/NetworkedBullet/BulletBrushParticlesManager.cs using Guid(ebf2ca14ff78ba0468dfe514c5ba1dca) Importer(815301076,1909f56bfc062723c751e8b465ee728b)  -> (artifact id: '5251c5e0d664db6933888a97b218919d') in 0.011748 seconds
  Import took 0.066973 seconds .

========================================================================
Received Prepare
Registering precompiled user dll's ...
Registered in 0.004670 seconds.
Begin MonoManager ReloadAssembly
Native extension for WindowsStandalone target not found
Refreshing native plugins compatible for Editor in 0.79 ms, found 0 plugins.
Preloading 0 native plugins for Editor in 0.00 ms.
Invoked RoslynAnalysisRunner static constructor.
RoslynAnalysisRunner will not be running.
RoslynAnalysisRunner has terminated.
Mono: successfully reloaded assembly
- Completed reload, in  1.738 seconds
Platform modules already initialized, skipping
Shader 'Universal Render Pipeline/Particles/Lit': fallback shader 'Universal Render Pipeline/Particles/SimpleLit' not found
Refreshing native plugins compatible for Editor in 0.78 ms, found 0 plugins.
Preloading 0 native plugins for Editor in 0.00 ms.
Unloading 3142 Unused Serialized files (Serialized files now loaded: 0)
System memory in use before: 152.4 MB.
System memory in use after: 152.6 MB.

Unloading 13 unused Assets to reduce memory usage. Loaded Objects now: 3778.
Total: 3.714300 ms (FindLiveObjects: 0.531200 ms CreateObjectMapping: 0.145000 ms MarkObjects: 3.009600 ms  DeleteObjects: 0.026500 ms)

========================================================================
Received Prepare
Registering precompiled user dll's ...
Registered in 0.005637 seconds.
Begin MonoManager ReloadAssembly
Native extension for WindowsStandalone target not found
Refreshing native plugins compatible for Editor in 0.95 ms, found 0 plugins.
Preloading 0 native plugins for Editor in 0.00 ms.
Invoked RoslynAnalysisRunner static constructor.
RoslynAnalysisRunner will not be running.
RoslynAnalysisRunner has terminated.
Mono: successfully reloaded assembly
- Completed reload, in  1.797 seconds
Platform modules already initialized, skipping
Shader 'Universal Render Pipeline/Particles/Lit': fallback shader 'Universal Render Pipeline/Particles/SimpleLit' not found
Refreshing native plugins compatible for Editor in 0.95 ms, found 0 plugins.
Preloading 0 native plugins for Editor in 0.00 ms.
Unloading 3141 Unused Serialized files (Serialized files now loaded: 0)
System memory in use before: 152.4 MB.
System memory in use after: 152.6 MB.

Unloading 14 unused Assets to reduce memory usage. Loaded Objects now: 3780.
Total: 4.208600 ms (FindLiveObjects: 0.500200 ms CreateObjectMapping: 0.122400 ms MarkObjects: 3.549800 ms  DeleteObjects: 0.033800 ms)

========================================================================
Received Import Request.
  Time since last request: 33.730085 seconds.
  path: Assets/Scripts/ManagerScripts/InputManager.cs
  artifactKey: Guid(404231325a87e3e46b054176e023a645) Importer(815301076,1909f56bfc062723c751e8b465ee728b)
Start importing Assets/Scripts/ManagerScripts/InputManager.cs using Guid(404231325a87e3e46b054176e023a645) Importer(815301076,1909f56bfc062723c751e8b465ee728b)  -> (artifact id: '2061a7455c35edfa2c8fab648d78bf86') in 0.054032 seconds
  Import took 0.097228 seconds .

========================================================================
Received Import Request.
  Time since last request: 4.345149 seconds.
  path: Assets/Scripts/NetworkedBullet/BulletPaintParticlesManager.cs
  artifactKey: Guid(be62768ed15049a4f97f3dcaff92ad9f) Importer(815301076,1909f56bfc062723c751e8b465ee728b)
Start importing Assets/Scripts/NetworkedBullet/BulletPaintParticlesManager.cs using Guid(be62768ed15049a4f97f3dcaff92ad9f) Importer(815301076,1909f56bfc062723c751e8b465ee728b)  -> (artifact id: '5d4f200e693b725ef7b44492b6282138') in 0.019371 seconds
  Import took 0.076415 seconds .

========================================================================
Received Import Request.
  Time since last request: 0.033789 seconds.
  path: Assets/Scripts/NetworkedBullet/BulletPaintParticlesManager.cs
  artifactKey: Guid(be62768ed15049a4f97f3dcaff92ad9f) Importer(815301076,1909f56bfc062723c751e8b465ee728b)
Start importing Assets/Scripts/NetworkedBullet/BulletPaintParticlesManager.cs using Guid(be62768ed15049a4f97f3dcaff92ad9f) Importer(815301076,1909f56bfc062723c751e8b465ee728b)  -> (artifact id: '5d4f200e693b725ef7b44492b6282138') in 0.008546 seconds
  Import took 0.017058 seconds .

========================================================================
Received Prepare
Registering precompiled user dll's ...
Registered in 0.004522 seconds.
Begin MonoManager ReloadAssembly
Native extension for WindowsStandalone target not found
Refreshing native plugins compatible for Editor in 0.86 ms, found 0 plugins.
Preloading 0 native plugins for Editor in 0.00 ms.
Invoked RoslynAnalysisRunner static constructor.
RoslynAnalysisRunner will not be running.
RoslynAnalysisRunner has terminated.
Mono: successfully reloaded assembly
- Completed reload, in  1.389 seconds
Platform modules already initialized, skipping
Shader 'Universal Render Pipeline/Particles/Lit': fallback shader 'Universal Render Pipeline/Particles/SimpleLit' not found
Refreshing native plugins compatible for Editor in 0.93 ms, found 0 plugins.
Preloading 0 native plugins for Editor in 0.00 ms.
Unloading 3142 Unused Serialized files (Serialized files now loaded: 0)
System memory in use before: 152.4 MB.
System memory in use after: 152.7 MB.

Unloading 13 unused Assets to reduce memory usage. Loaded Objects now: 3784.
Total: 4.484800 ms (FindLiveObjects: 0.460300 ms CreateObjectMapping: 0.236000 ms MarkObjects: 3.758600 ms  DeleteObjects: 0.027300 ms)

========================================================================
Received Import Request.
  Time since last request: 115.994683 seconds.
  path: Assets/Models/导弹/烟雾/烟雾-B.obj
  artifactKey: Guid(2a3092ea47331a241943e636a6a1df36) Importer(815301076,1909f56bfc062723c751e8b465ee728b)
Start importing Assets/Models/导弹/烟雾/烟雾-B.obj using Guid(2a3092ea47331a241943e636a6a1df36) Importer(815301076,1909f56bfc062723c751e8b465ee728b)  -> (artifact id: '824fbfff3a0954571543d730d71778e1') in 0.535193 seconds
  Import took 0.584308 seconds .

========================================================================
Received Import Request.
  Time since last request: 0.000418 seconds.
  path: Assets/Models/地面/草.fbx
  artifactKey: Guid(2ee808375f7f0de47869a4ec137f5c38) Importer(815301076,1909f56bfc062723c751e8b465ee728b)
Start importing Assets/Models/地面/草.fbx using Guid(2ee808375f7f0de47869a4ec137f5c38) Importer(815301076,1909f56bfc062723c751e8b465ee728b)  -> (artifact id: '62af56d7b50332e10ff8a27604c41303') in 0.353023 seconds
  Import took 0.366303 seconds .

========================================================================
Received Import Request.
  Time since last request: 1.758706 seconds.
  path: Assets/Models/导弹/烟雾/TI-ZD.obj
  artifactKey: Guid(44c9d32e35bdeac45bda0ccc83a9c4ef) Importer(815301076,1909f56bfc062723c751e8b465ee728b)
Start importing Assets/Models/导弹/烟雾/TI-ZD.obj using Guid(44c9d32e35bdeac45bda0ccc83a9c4ef) Importer(815301076,1909f56bfc062723c751e8b465ee728b)  -> (artifact id: '89b6f5be0a6ae39d9db29c78b71375ff') in 0.361193 seconds
  Import took 0.376874 seconds .

========================================================================
Received Import Request.
  Time since last request: 0.000348 seconds.
  path: Assets/Models/地面/石头.fbx
  artifactKey: Guid(c9d7ce454e5eed344afaf0777246f6df) Importer(815301076,1909f56bfc062723c751e8b465ee728b)
Start importing Assets/Models/地面/石头.fbx using Guid(c9d7ce454e5eed344afaf0777246f6df) Importer(815301076,1909f56bfc062723c751e8b465ee728b)  -> (artifact id: '93dfd08bafa79f02cc52732d3818724b') in 0.329590 seconds
  Import took 0.366148 seconds .

========================================================================
Received Import Request.
  Time since last request: 0.000390 seconds.
  path: Assets/[不用管他]/旧特效-参考/Models/SM_LightRayRound 1.fbx
  artifactKey: Guid(0110c4e8145949244a8c41db8957bcdb) Importer(815301076,1909f56bfc062723c751e8b465ee728b)
Start importing Assets/[不用管他]/旧特效-参考/Models/SM_LightRayRound 1.fbx using Guid(0110c4e8145949244a8c41db8957bcdb) Importer(815301076,1909f56bfc062723c751e8b465ee728b)  -> (artifact id: '3119ee3393b239ed480e6c65a0599d69') in 0.179006 seconds
  Import took 0.184833 seconds .

========================================================================
Received Import Request.
  Time since last request: 0.000421 seconds.
  path: Assets/Models/科技零件/信号塔.obj
  artifactKey: Guid(ec2f63b73e0bb8d4c8712b0208ed70bf) Importer(815301076,1909f56bfc062723c751e8b465ee728b)
Start importing Assets/Models/科技零件/信号塔.obj using Guid(ec2f63b73e0bb8d4c8712b0208ed70bf) Importer(815301076,1909f56bfc062723c751e8b465ee728b)  -> (artifact id: '7676fff515d445c7b2de3fcfbb16b04e') in 0.134723 seconds
  Import took 0.167145 seconds .

========================================================================
Received Import Request.
  Time since last request: 0.000741 seconds.
  path: Assets/[不用管他]/旧特效-参考/Models/SunShafts.fbx
  artifactKey: Guid(26e4a750d47e56a408d32a571488849e) Importer(815301076,1909f56bfc062723c751e8b465ee728b)
Start importing Assets/[不用管他]/旧特效-参考/Models/SunShafts.fbx using Guid(26e4a750d47e56a408d32a571488849e) Importer(815301076,1909f56bfc062723c751e8b465ee728b)  -> (artifact id: '80e3bc6f06d6f9c60fc1896c6a8cc22e') in 0.026634 seconds
  Import took 0.072153 seconds .

========================================================================
Received Import Request.
  Time since last request: 0.000293 seconds.
  path: Assets/Models/地面/卷帘门-水泥.fbx
  artifactKey: Guid(dff316094dc0da6469d0a60b462c4763) Importer(815301076,1909f56bfc062723c751e8b465ee728b)
Start importing Assets/Models/地面/卷帘门-水泥.fbx using Guid(dff316094dc0da6469d0a60b462c4763) Importer(815301076,1909f56bfc062723c751e8b465ee728b)  -> (artifact id: '2b344f0758b78a38d8d3a28504876e10') in 2.023464 seconds
  Import took 2.088030 seconds .

========================================================================
Received Import Request.
  Time since last request: 0.000470 seconds.
  path: Assets/Models/呼叫球/呼叫球.fbx
  artifactKey: Guid(b53a6d8e3f8ebc04dba4768c6b182f8c) Importer(815301076,1909f56bfc062723c751e8b465ee728b)
Start importing Assets/Models/呼叫球/呼叫球.fbx using Guid(b53a6d8e3f8ebc04dba4768c6b182f8c) Importer(815301076,1909f56bfc062723c751e8b465ee728b)  -> (artifact id: 'f438a0661abe970006da8e8871b39f4d') in 0.469064 seconds
  Import took 0.500467 seconds .

========================================================================
Received Import Request.
  Time since last request: 0.000534 seconds.
  path: Assets/[不用管他]/Shared/Environment/Models/SmallLight.fbx
  artifactKey: Guid(7469d4eaf5d47b246b3501c892dd5292) Importer(815301076,1909f56bfc062723c751e8b465ee728b)
Start importing Assets/[不用管他]/Shared/Environment/Models/SmallLight.fbx using Guid(7469d4eaf5d47b246b3501c892dd5292) Importer(815301076,1909f56bfc062723c751e8b465ee728b)  -> (artifact id: 'dbc34c800e3c3740037d91e18ed490d1') in 0.063379 seconds
  Import took 0.069123 seconds .

========================================================================
Received Import Request.
  Time since last request: 0.000389 seconds.
  path: Assets/[不用管他]/Smoke & Steam Effects/Models/RockDebris.FBX
  artifactKey: Guid(ec280bbfbd0550743b1e477c9d48abdf) Importer(815301076,1909f56bfc062723c751e8b465ee728b)
Start importing Assets/[不用管他]/Smoke & Steam Effects/Models/RockDebris.FBX using Guid(ec280bbfbd0550743b1e477c9d48abdf) Importer(815301076,1909f56bfc062723c751e8b465ee728b)  -> (artifact id: 'f24b219ca61aa9d4c88c58a8b57609b9') in 0.109744 seconds
  Import took 0.129434 seconds .

========================================================================
Received Prepare
Registering precompiled user dll's ...
Registered in 0.004452 seconds.
Begin MonoManager ReloadAssembly
Native extension for WindowsStandalone target not found
Refreshing native plugins compatible for Editor in 0.79 ms, found 0 plugins.
Preloading 0 native plugins for Editor in 0.00 ms.
Invoked RoslynAnalysisRunner static constructor.
RoslynAnalysisRunner will not be running.
RoslynAnalysisRunner has terminated.
Mono: successfully reloaded assembly
- Completed reload, in  1.338 seconds
Platform modules already initialized, skipping
Shader 'Universal Render Pipeline/Particles/Lit': fallback shader 'Universal Render Pipeline/Particles/SimpleLit' not found
Refreshing native plugins compatible for Editor in 1.18 ms, found 0 plugins.
Preloading 0 native plugins for Editor in 0.00 ms.
Unloading 3143 Unused Serialized files (Serialized files now loaded: 0)
System memory in use before: 169.7 MB.
System memory in use after: 169.9 MB.

Unloading 14 unused Assets to reduce memory usage. Loaded Objects now: 3869.
Total: 3.917000 ms (FindLiveObjects: 0.430300 ms CreateObjectMapping: 0.088300 ms MarkObjects: 3.331300 ms  DeleteObjects: 0.064500 ms)

========================================================================
Received Prepare
Registering precompiled user dll's ...
Registered in 0.004985 seconds.
Begin MonoManager ReloadAssembly
Native extension for WindowsStandalone target not found
Refreshing native plugins compatible for Editor in 1.42 ms, found 0 plugins.
Preloading 0 native plugins for Editor in 0.00 ms.
Invoked RoslynAnalysisRunner static constructor.
RoslynAnalysisRunner will not be running.
RoslynAnalysisRunner has terminated.
Mono: successfully reloaded assembly
- Completed reload, in  1.312 seconds
Platform modules already initialized, skipping
Shader 'Universal Render Pipeline/Particles/Lit': fallback shader 'Universal Render Pipeline/Particles/SimpleLit' not found
Refreshing native plugins compatible for Editor in 0.91 ms, found 0 plugins.
Preloading 0 native plugins for Editor in 0.00 ms.
Unloading 3142 Unused Serialized files (Serialized files now loaded: 0)
System memory in use before: 169.4 MB.
System memory in use after: 169.7 MB.

Unloading 13 unused Assets to reduce memory usage. Loaded Objects now: 3872.
Total: 3.645300 ms (FindLiveObjects: 0.399800 ms CreateObjectMapping: 0.094400 ms MarkObjects: 3.125300 ms  DeleteObjects: 0.024500 ms)

========================================================================
Received Prepare
Registering precompiled user dll's ...
Registered in 0.004755 seconds.
Begin MonoManager ReloadAssembly
Native extension for WindowsStandalone target not found
Refreshing native plugins compatible for Editor in 0.85 ms, found 0 plugins.
Preloading 0 native plugins for Editor in 0.00 ms.
Invoked RoslynAnalysisRunner static constructor.
RoslynAnalysisRunner will not be running.
RoslynAnalysisRunner has terminated.
Mono: successfully reloaded assembly
- Completed reload, in  1.280 seconds
Platform modules already initialized, skipping
Shader 'Universal Render Pipeline/Particles/Lit': fallback shader 'Universal Render Pipeline/Particles/SimpleLit' not found
Refreshing native plugins compatible for Editor in 1.09 ms, found 0 plugins.
Preloading 0 native plugins for Editor in 0.00 ms.
Unloading 3142 Unused Serialized files (Serialized files now loaded: 0)
System memory in use before: 169.5 MB.
System memory in use after: 169.7 MB.

Unloading 13 unused Assets to reduce memory usage. Loaded Objects now: 3875.
Total: 5.060800 ms (FindLiveObjects: 0.402700 ms CreateObjectMapping: 0.097400 ms MarkObjects: 4.521600 ms  DeleteObjects: 0.036000 ms)

========================================================================
Received Import Request.
  Time since last request: 413.315178 seconds.
  path: Assets/Scripts/ManagerScripts/CameraManager.cs
  artifactKey: Guid(3ce346c63e91bf74e80d1e2960c8881c) Importer(815301076,1909f56bfc062723c751e8b465ee728b)
Start importing Assets/Scripts/ManagerScripts/CameraManager.cs using Guid(3ce346c63e91bf74e80d1e2960c8881c) Importer(815301076,1909f56bfc062723c751e8b465ee728b)  -> (artifact id: '0e62f2eb43f0d67e45b7ef64d9e525ad') in 0.019879 seconds
  Import took 0.046695 seconds .

========================================================================
Received Import Request.
  Time since last request: 4.164747 seconds.
  path: Assets/Prefabs/NetworkedPrefabs/PaintParticles.prefab
  artifactKey: Guid(7309afde09d839e4fb500042cdd69ced) Importer(815301076,1909f56bfc062723c751e8b465ee728b)
Start importing Assets/Prefabs/NetworkedPrefabs/PaintParticles.prefab using Guid(7309afde09d839e4fb500042cdd69ced) Importer(815301076,1909f56bfc062723c751e8b465ee728b)  -> (artifact id: 'c18ee4e49a525b44eb81a87c7ec48c8c') in 0.252641 seconds
  Import took 0.285679 seconds .

========================================================================
Received Prepare
Registering precompiled user dll's ...
Registered in 0.004929 seconds.
Begin MonoManager ReloadAssembly
Native extension for WindowsStandalone target not found
Refreshing native plugins compatible for Editor in 1.07 ms, found 0 plugins.
Preloading 0 native plugins for Editor in 0.00 ms.
Invoked RoslynAnalysisRunner static constructor.
RoslynAnalysisRunner will not be running.
RoslynAnalysisRunner has terminated.
Mono: successfully reloaded assembly
- Completed reload, in  2.454 seconds
Platform modules already initialized, skipping
Shader 'Universal Render Pipeline/Particles/Lit': fallback shader 'Universal Render Pipeline/Particles/SimpleLit' not found
Refreshing native plugins compatible for Editor in 1.28 ms, found 0 plugins.
Preloading 0 native plugins for Editor in 0.00 ms.
Unloading 3142 Unused Serialized files (Serialized files now loaded: 0)
System memory in use before: 169.7 MB.
System memory in use after: 169.9 MB.

Unloading 13 unused Assets to reduce memory usage. Loaded Objects now: 3916.
Total: 5.799400 ms (FindLiveObjects: 0.644500 ms CreateObjectMapping: 0.159600 ms MarkObjects: 4.956900 ms  DeleteObjects: 0.035400 ms)

========================================================================
Received Prepare
Registering precompiled user dll's ...
Registered in 0.004334 seconds.
Begin MonoManager ReloadAssembly
Native extension for WindowsStandalone target not found
Refreshing native plugins compatible for Editor in 1.45 ms, found 0 plugins.
Preloading 0 native plugins for Editor in 0.00 ms.
Invoked RoslynAnalysisRunner static constructor.
RoslynAnalysisRunner will not be running.
RoslynAnalysisRunner has terminated.
Mono: successfully reloaded assembly
- Completed reload, in  2.017 seconds
Platform modules already initialized, skipping
Shader 'Universal Render Pipeline/Particles/Lit': fallback shader 'Universal Render Pipeline/Particles/SimpleLit' not found
Refreshing native plugins compatible for Editor in 1.31 ms, found 0 plugins.
Preloading 0 native plugins for Editor in 0.00 ms.
Unloading 3142 Unused Serialized files (Serialized files now loaded: 0)
System memory in use before: 169.7 MB.
System memory in use after: 170.0 MB.

Unloading 13 unused Assets to reduce memory usage. Loaded Objects now: 3919.
Total: 6.414500 ms (FindLiveObjects: 1.217100 ms CreateObjectMapping: 0.288400 ms MarkObjects: 4.863400 ms  DeleteObjects: 0.043000 ms)

========================================================================
Received Import Request.
  Time since last request: 1422.066804 seconds.
  path: Assets/Prefabs/NetworkedPrefabs/PaintParticles.prefab
  artifactKey: Guid(7309afde09d839e4fb500042cdd69ced) Importer(815301076,1909f56bfc062723c751e8b465ee728b)
Start importing Assets/Prefabs/NetworkedPrefabs/PaintParticles.prefab using Guid(7309afde09d839e4fb500042cdd69ced) Importer(815301076,1909f56bfc062723c751e8b465ee728b)  -> (artifact id: '830901f8d19e789a01d0c84004512c52') in 0.224438 seconds
  Import took 0.313213 seconds .

========================================================================
Received Prepare
Registering precompiled user dll's ...
Registered in 0.005119 seconds.
Begin MonoManager ReloadAssembly
Native extension for WindowsStandalone target not found
Refreshing native plugins compatible for Editor in 1.57 ms, found 0 plugins.
Preloading 0 native plugins for Editor in 0.00 ms.
Invoked RoslynAnalysisRunner static constructor.
RoslynAnalysisRunner will not be running.
RoslynAnalysisRunner has terminated.
Mono: successfully reloaded assembly
- Completed reload, in  1.734 seconds
Platform modules already initialized, skipping
Shader 'Universal Render Pipeline/Particles/Lit': fallback shader 'Universal Render Pipeline/Particles/SimpleLit' not found
Refreshing native plugins compatible for Editor in 0.82 ms, found 0 plugins.
Preloading 0 native plugins for Editor in 0.00 ms.
Unloading 3142 Unused Serialized files (Serialized files now loaded: 0)
System memory in use before: 169.9 MB.
System memory in use after: 170.1 MB.

Unloading 13 unused Assets to reduce memory usage. Loaded Objects now: 3958.
Total: 4.431500 ms (FindLiveObjects: 0.766900 ms CreateObjectMapping: 0.192200 ms MarkObjects: 3.404200 ms  DeleteObjects: 0.063800 ms)

========================================================================
Received Prepare
Registering precompiled user dll's ...
Registered in 0.004933 seconds.
Begin MonoManager ReloadAssembly
Native extension for WindowsStandalone target not found
Refreshing native plugins compatible for Editor in 1.12 ms, found 0 plugins.
Preloading 0 native plugins for Editor in 0.00 ms.
Invoked RoslynAnalysisRunner static constructor.
RoslynAnalysisRunner will not be running.
RoslynAnalysisRunner has terminated.
Mono: successfully reloaded assembly
- Completed reload, in  1.564 seconds
Platform modules already initialized, skipping
Shader 'Universal Render Pipeline/Particles/Lit': fallback shader 'Universal Render Pipeline/Particles/SimpleLit' not found
Refreshing native plugins compatible for Editor in 0.80 ms, found 0 plugins.
Preloading 0 native plugins for Editor in 0.00 ms.
Unloading 3142 Unused Serialized files (Serialized files now loaded: 0)
System memory in use before: 169.9 MB.
System memory in use after: 170.1 MB.

Unloading 13 unused Assets to reduce memory usage. Loaded Objects now: 3961.
Total: 3.608800 ms (FindLiveObjects: 0.434300 ms CreateObjectMapping: 0.095300 ms MarkObjects: 3.001700 ms  DeleteObjects: 0.076000 ms)

========================================================================
Received Prepare
Registering precompiled user dll's ...
Registered in 0.004838 seconds.
Begin MonoManager ReloadAssembly
Native extension for WindowsStandalone target not found
Refreshing native plugins compatible for Editor in 1.34 ms, found 0 plugins.
Preloading 0 native plugins for Editor in 0.00 ms.
Invoked RoslynAnalysisRunner static constructor.
RoslynAnalysisRunner will not be running.
RoslynAnalysisRunner has terminated.
Mono: successfully reloaded assembly
- Completed reload, in  1.385 seconds
Platform modules already initialized, skipping
Shader 'Universal Render Pipeline/Particles/Lit': fallback shader 'Universal Render Pipeline/Particles/SimpleLit' not found
Refreshing native plugins compatible for Editor in 0.78 ms, found 0 plugins.
Preloading 0 native plugins for Editor in 0.00 ms.
Unloading 3142 Unused Serialized files (Serialized files now loaded: 0)
System memory in use before: 169.9 MB.
System memory in use after: 170.2 MB.

Unloading 13 unused Assets to reduce memory usage. Loaded Objects now: 3964.
Total: 3.373500 ms (FindLiveObjects: 0.416200 ms CreateObjectMapping: 0.089400 ms MarkObjects: 2.840400 ms  DeleteObjects: 0.025200 ms)

========================================================================
Received Prepare
Registering precompiled user dll's ...
Registered in 0.004822 seconds.
Begin MonoManager ReloadAssembly
Native extension for WindowsStandalone target not found
Refreshing native plugins compatible for Editor in 0.99 ms, found 0 plugins.
Preloading 0 native plugins for Editor in 0.00 ms.
Invoked RoslynAnalysisRunner static constructor.
RoslynAnalysisRunner will not be running.
RoslynAnalysisRunner has terminated.
Mono: successfully reloaded assembly
- Completed reload, in  1.757 seconds
Platform modules already initialized, skipping
Shader 'Universal Render Pipeline/Particles/Lit': fallback shader 'Universal Render Pipeline/Particles/SimpleLit' not found
Refreshing native plugins compatible for Editor in 0.77 ms, found 0 plugins.
Preloading 0 native plugins for Editor in 0.00 ms.
Unloading 3142 Unused Serialized files (Serialized files now loaded: 0)
System memory in use before: 170.0 MB.
System memory in use after: 170.2 MB.

Unloading 13 unused Assets to reduce memory usage. Loaded Objects now: 3967.
Total: 3.910500 ms (FindLiveObjects: 0.700000 ms CreateObjectMapping: 0.118900 ms MarkObjects: 3.003600 ms  DeleteObjects: 0.086200 ms)

========================================================================
Received Prepare
Registering precompiled user dll's ...
Registered in 0.004728 seconds.
Begin MonoManager ReloadAssembly
Native extension for WindowsStandalone target not found
Refreshing native plugins compatible for Editor in 0.94 ms, found 0 plugins.
Preloading 0 native plugins for Editor in 0.00 ms.
Invoked RoslynAnalysisRunner static constructor.
RoslynAnalysisRunner will not be running.
RoslynAnalysisRunner has terminated.
Mono: successfully reloaded assembly
- Completed reload, in  1.404 seconds
Platform modules already initialized, skipping
Shader 'Universal Render Pipeline/Particles/Lit': fallback shader 'Universal Render Pipeline/Particles/SimpleLit' not found
Refreshing native plugins compatible for Editor in 2.06 ms, found 0 plugins.
Preloading 0 native plugins for Editor in 0.00 ms.
Unloading 3142 Unused Serialized files (Serialized files now loaded: 0)
System memory in use before: 170.0 MB.
System memory in use after: 170.2 MB.

Unloading 13 unused Assets to reduce memory usage. Loaded Objects now: 3970.
Total: 5.813800 ms (FindLiveObjects: 0.955800 ms CreateObjectMapping: 0.436500 ms MarkObjects: 4.384800 ms  DeleteObjects: 0.034400 ms)

========================================================================
Received Prepare
Registering precompiled user dll's ...
Registered in 0.005448 seconds.
Begin MonoManager ReloadAssembly
Native extension for WindowsStandalone target not found
Refreshing native plugins compatible for Editor in 1.82 ms, found 0 plugins.
Preloading 0 native plugins for Editor in 0.00 ms.
Invoked RoslynAnalysisRunner static constructor.
RoslynAnalysisRunner will not be running.
RoslynAnalysisRunner has terminated.
Mono: successfully reloaded assembly
- Completed reload, in  1.808 seconds
Platform modules already initialized, skipping
Shader 'Universal Render Pipeline/Particles/Lit': fallback shader 'Universal Render Pipeline/Particles/SimpleLit' not found
Refreshing native plugins compatible for Editor in 1.86 ms, found 0 plugins.
Preloading 0 native plugins for Editor in 0.00 ms.
Unloading 3142 Unused Serialized files (Serialized files now loaded: 0)
System memory in use before: 170.0 MB.
System memory in use after: 170.3 MB.

Unloading 13 unused Assets to reduce memory usage. Loaded Objects now: 3973.
Total: 13.607900 ms (FindLiveObjects: 2.148600 ms CreateObjectMapping: 0.278000 ms MarkObjects: 11.137300 ms  DeleteObjects: 0.041600 ms)

========================================================================
Received Prepare
Registering precompiled user dll's ...
Registered in 0.005274 seconds.
Begin MonoManager ReloadAssembly
Native extension for WindowsStandalone target not found
Refreshing native plugins compatible for Editor in 0.83 ms, found 0 plugins.
Preloading 0 native plugins for Editor in 0.00 ms.
Invoked RoslynAnalysisRunner static constructor.
RoslynAnalysisRunner will not be running.
RoslynAnalysisRunner has terminated.
Mono: successfully reloaded assembly
- Completed reload, in  1.706 seconds
Platform modules already initialized, skipping
Shader 'Universal Render Pipeline/Particles/Lit': fallback shader 'Universal Render Pipeline/Particles/SimpleLit' not found
Refreshing native plugins compatible for Editor in 1.75 ms, found 0 plugins.
Preloading 0 native plugins for Editor in 0.00 ms.
Unloading 3142 Unused Serialized files (Serialized files now loaded: 0)
System memory in use before: 170.0 MB.
System memory in use after: 170.3 MB.

Unloading 13 unused Assets to reduce memory usage. Loaded Objects now: 3976.
Total: 5.319500 ms (FindLiveObjects: 1.059600 ms CreateObjectMapping: 0.527300 ms MarkObjects: 3.704700 ms  DeleteObjects: 0.025600 ms)

========================================================================
Received Prepare
Registering precompiled user dll's ...
Registered in 0.006122 seconds.
Begin MonoManager ReloadAssembly
Native extension for WindowsStandalone target not found
Refreshing native plugins compatible for Editor in 0.83 ms, found 0 plugins.
Preloading 0 native plugins for Editor in 0.00 ms.
Invoked RoslynAnalysisRunner static constructor.
RoslynAnalysisRunner will not be running.
RoslynAnalysisRunner has terminated.
Mono: successfully reloaded assembly
- Completed reload, in  1.775 seconds
Platform modules already initialized, skipping
Shader 'Universal Render Pipeline/Particles/Lit': fallback shader 'Universal Render Pipeline/Particles/SimpleLit' not found
Refreshing native plugins compatible for Editor in 0.92 ms, found 0 plugins.
Preloading 0 native plugins for Editor in 0.00 ms.
Unloading 3142 Unused Serialized files (Serialized files now loaded: 0)
System memory in use before: 170.1 MB.
System memory in use after: 170.3 MB.

Unloading 13 unused Assets to reduce memory usage. Loaded Objects now: 3979.
Total: 3.254600 ms (FindLiveObjects: 0.434000 ms CreateObjectMapping: 0.102300 ms MarkObjects: 2.693600 ms  DeleteObjects: 0.023100 ms)

