Using pre-set license
Built from '2020.3/release' branch; Version is '2020.3.2f1 (8fd9074bf66c) revision 9427207'; Using compiler version '192528614'; Build Type 'Release'
OS: 'Windows 10 Pro; OS build 19041.1052; Version 2004; 64bit' Language: 'en' Physical Memory: 32719 MB
BatchMode: 1, IsHumanControllingUs: 0, StartBugReporterOnCrash: 0, Is64bit: 1, IsPro: 0

 COMMAND LINE ARGUMENTS:
C:\Program Files\Unity\Hub\Editor\2020.3.2f1\Editor\Unity.exe
-adb2
-batchMode
-noUpm
-name
AssetImportWorker12
-projectPath
D:/Unity Projects/彩色战争/Battle-of-the-Colors
-logFile
Logs/AssetImportWorker12.log
-srvPort
60698
Successfully changed project path to: D:/Unity Projects/彩色战争/Battle-of-the-Colors
D:/Unity Projects/彩色战争/Battle-of-the-Colors
Using Asset Import Pipeline V2.
Refreshing native plugins compatible for Editor in 105.24 ms, found 0 plugins.
Preloading 0 native plugins for Editor in 0.00 ms.
Initialize engine version: 2020.3.2f1 (8fd9074bf66c)
[Subsystems] Discovering subsystems at path C:/Program Files/Unity/Hub/Editor/2020.3.2f1/Editor/Data/Resources/UnitySubsystems
[Subsystems] Discovering subsystems at path D:/Unity Projects/彩色战争/Battle-of-the-Colors/Assets
GfxDevice: creating device client; threaded=0
Direct3D:
    Version:  Direct3D 11.0 [level 11.1]
    Renderer: NVIDIA GeForce GTX 1070 (ID=0x1b81)
    Vendor:   
    VRAM:     8088 MB
    Driver:   27.21.14.6192
Shader 'Universal Render Pipeline/Particles/Lit': fallback shader 'Universal Render Pipeline/Particles/SimpleLit' not found
Initialize mono
Mono path[0] = 'C:/Program Files/Unity/Hub/Editor/2020.3.2f1/Editor/Data/Managed'
Mono path[1] = 'C:/Program Files/Unity/Hub/Editor/2020.3.2f1/Editor/Data/MonoBleedingEdge/lib/mono/unityjit'
Mono config path = 'C:/Program Files/Unity/Hub/Editor/2020.3.2f1/Editor/Data/MonoBleedingEdge/etc'
Using monoOptions --debugger-agent=transport=dt_socket,embedding=1,server=y,suspend=n,address=127.0.0.1:56464
Begin MonoManager ReloadAssembly
Registering precompiled unity dll's ...
Register platform support module: C:/Program Files/Unity/Hub/Editor/2020.3.2f1/Editor/Data/PlaybackEngines/WindowsStandaloneSupport/UnityEditor.WindowsStandalone.Extensions.dll
Registered in 0.009163 seconds.
Native extension for WindowsStandalone target not found
Refreshing native plugins compatible for Editor in 99.18 ms, found 0 plugins.
Preloading 0 native plugins for Editor in 0.00 ms.
Invoked RoslynAnalysisRunner static constructor.
RoslynAnalysisRunner will not be running.
RoslynAnalysisRunner has terminated.
Mono: successfully reloaded assembly
- Completed reload, in  4.080 seconds
Platform modules already initialized, skipping
Registering precompiled user dll's ...
Registered in 0.006294 seconds.
Begin MonoManager ReloadAssembly
Native extension for WindowsStandalone target not found
Refreshing native plugins compatible for Editor in 100.69 ms, found 0 plugins.
Preloading 0 native plugins for Editor in 0.00 ms.
Invoked RoslynAnalysisRunner static constructor.
RoslynAnalysisRunner will not be running.
RoslynAnalysisRunner has terminated.
Find all reader and writers took 314 milliseconds
Script Module: UnityEngine.UI.dll
Weave behaviours and messages took248 milliseconds
Find all reader and writers took 274 milliseconds
Script Module: Unity.RenderPipelines.Core.Runtime.dll
Weave behaviours and messages took202 milliseconds
Find all reader and writers took 280 milliseconds
Script Module: UnityEngine.TestRunner.dll
Weave behaviours and messages took98 milliseconds
Find all reader and writers took 279 milliseconds
Script Module: Unity.Mathematics.dll
Weave behaviours and messages took792 milliseconds
Find all reader and writers took 256 milliseconds
Script Module: SimpleWebTransport.dll
Weave behaviours and messages took26 milliseconds
Find all reader and writers took 297 milliseconds
Script Module: Unity.RenderPipelines.Universal.Runtime.dll
Weave behaviours and messages took195 milliseconds
Find all reader and writers took 285 milliseconds
Script Module: Unity.TextMeshPro.dll
Weave behaviours and messages took286 milliseconds
Find all reader and writers took 259 milliseconds
Script Module: Cinemachine.dll
Weave behaviours and messages took166 milliseconds
Find all reader and writers took 272 milliseconds
Script Module: Unity.Timeline.dll
Weave behaviours and messages took111 milliseconds
Find all reader and writers took 269 milliseconds
Script Module: Unity.Postprocessing.Runtime.dll
Weave behaviours and messages took107 milliseconds
Find all reader and writers took 241 milliseconds
Script Module: Telepathy.dll
Weave behaviours and messages took12 milliseconds
Find all reader and writers took 266 milliseconds
Script Module: Mirror.Cloud.dll
Weave behaviours and messages took10 milliseconds
Find all reader and writers took 256 milliseconds
Script Module: kcp2k.dll
Weave behaviours and messages took16 milliseconds
Find all reader and writers took 266 milliseconds
Script Module: Mirror.Examples.Cloud.GUI.dll
Weave behaviours and messages took11 milliseconds
Find all reader and writers took 264 milliseconds
Script Module: Assembly-CSharp-firstpass.dll
Weave behaviours and messages took38 milliseconds
Find all reader and writers took 252 milliseconds
Script Module: Unity.RenderPipelines.Core.ShaderLibrary.dll
Weave behaviours and messages took0 milliseconds
Find all reader and writers took 280 milliseconds
Script Module: Unity.RenderPipeline.Universal.ShaderLibrary.dll
Weave behaviours and messages took0 milliseconds
Find all reader and writers took 262 milliseconds
Script Module: Unity.RenderPipelines.Universal.Shaders.dll
Weave behaviours and messages took0 milliseconds
Find all reader and writers took 252 milliseconds
Script Module: Unity.RenderPipelines.ShaderGraph.ShaderGraphLibrary.dll
Weave behaviours and messages took0 milliseconds
Find all reader and writers took 386 milliseconds
Script Module: com.unity.cinemachine.editor.dll
Weave behaviours and messages took152 milliseconds
Find all reader and writers took 341 milliseconds
Script Module: UnityEditor.TestRunner.dll
Weave behaviours and messages took143 milliseconds
Find all reader and writers took 281 milliseconds
Script Module: Mirror.CompilerSymbols.dll
Weave behaviours and messages took0 milliseconds
Find all reader and writers took 343 milliseconds
Script Module: UnityEditor.UI.dll
Weave behaviours and messages took44 milliseconds
