Using pre-set license
Built from '2020.3/release' branch; Version is '2020.3.2f1 (8fd9074bf66c) revision 9427207'; Using compiler version '192528614'; Build Type 'Release'
OS: 'Windows 10 Pro; OS build 19041.1052; Version 2004; 64bit' Language: 'en' Physical Memory: 32719 MB
BatchMode: 1, IsHumanControllingUs: 0, StartBugReporterOnCrash: 0, Is64bit: 1, IsPro: 0

 COMMAND LINE ARGUMENTS:
C:\Program Files\Unity\Hub\Editor\2020.3.2f1\Editor\Unity.exe
-adb2
-batchMode
-noUpm
-name
AssetImportWorker16
-projectPath
D:/Unity Projects/彩色战争/Battle-of-the-Colors
-logFile
Logs/AssetImportWorker16.log
-srvPort
60698
Successfully changed project path to: D:/Unity Projects/彩色战争/Battle-of-the-Colors
D:/Unity Projects/彩色战争/Battle-of-the-Colors
Using Asset Import Pipeline V2.
Refreshing native plugins compatible for Editor in 105.47 ms, found 0 plugins.
Preloading 0 native plugins for Editor in 0.00 ms.
Initialize engine version: 2020.3.2f1 (8fd9074bf66c)
[Subsystems] Discovering subsystems at path C:/Program Files/Unity/Hub/Editor/2020.3.2f1/Editor/Data/Resources/UnitySubsystems
[Subsystems] Discovering subsystems at path D:/Unity Projects/彩色战争/Battle-of-the-Colors/Assets
GfxDevice: creating device client; threaded=0
Direct3D:
    Version:  Direct3D 11.0 [level 11.1]
    Renderer: NVIDIA GeForce GTX 1070 (ID=0x1b81)
    Vendor:   
    VRAM:     8088 MB
    Driver:   27.21.14.6192
Shader 'Universal Render Pipeline/Particles/Lit': fallback shader 'Universal Render Pipeline/Particles/SimpleLit' not found
Initialize mono
Mono path[0] = 'C:/Program Files/Unity/Hub/Editor/2020.3.2f1/Editor/Data/Managed'
Mono path[1] = 'C:/Program Files/Unity/Hub/Editor/2020.3.2f1/Editor/Data/MonoBleedingEdge/lib/mono/unityjit'
Mono config path = 'C:/Program Files/Unity/Hub/Editor/2020.3.2f1/Editor/Data/MonoBleedingEdge/etc'
Using monoOptions --debugger-agent=transport=dt_socket,embedding=1,server=y,suspend=n,address=127.0.0.1:56040
Begin MonoManager ReloadAssembly
Registering precompiled unity dll's ...
Register platform support module: C:/Program Files/Unity/Hub/Editor/2020.3.2f1/Editor/Data/PlaybackEngines/WindowsStandaloneSupport/UnityEditor.WindowsStandalone.Extensions.dll
Registered in 0.006768 seconds.
Native extension for WindowsStandalone target not found
Refreshing native plugins compatible for Editor in 136.25 ms, found 0 plugins.
Preloading 0 native plugins for Editor in 0.00 ms.
Invoked RoslynAnalysisRunner static constructor.
RoslynAnalysisRunner will not be running.
RoslynAnalysisRunner has terminated.
Mono: successfully reloaded assembly
- Completed reload, in  5.068 seconds
Platform modules already initialized, skipping
Registering precompiled user dll's ...
Registered in 0.007343 seconds.
Begin MonoManager ReloadAssembly
Native extension for WindowsStandalone target not found
Refreshing native plugins compatible for Editor in 144.02 ms, found 0 plugins.
Preloading 0 native plugins for Editor in 0.00 ms.
Invoked RoslynAnalysisRunner static constructor.
RoslynAnalysisRunner will not be running.
RoslynAnalysisRunner has terminated.
Find all reader and writers took 312 milliseconds
Script Module: UnityEngine.UI.dll
Weave behaviours and messages took279 milliseconds
Find all reader and writers took 275 milliseconds
Script Module: Unity.RenderPipelines.Core.Runtime.dll
Weave behaviours and messages took239 milliseconds
Find all reader and writers took 351 milliseconds
Script Module: UnityEngine.TestRunner.dll
Weave behaviours and messages took170 milliseconds
Find all reader and writers took 352 milliseconds
Script Module: Unity.Mathematics.dll
Weave behaviours and messages took1249 milliseconds
Find all reader and writers took 310 milliseconds
Script Module: SimpleWebTransport.dll
Weave behaviours and messages took32 milliseconds
Find all reader and writers took 416 milliseconds
Script Module: Unity.RenderPipelines.Universal.Runtime.dll
Weave behaviours and messages took274 milliseconds
Find all reader and writers took 350 milliseconds
Script Module: Unity.TextMeshPro.dll
Weave behaviours and messages took361 milliseconds
Find all reader and writers took 314 milliseconds
Script Module: Cinemachine.dll
Weave behaviours and messages took280 milliseconds
Find all reader and writers took 376 milliseconds
Script Module: Unity.Timeline.dll
Weave behaviours and messages took165 milliseconds
Find all reader and writers took 325 milliseconds
Script Module: Unity.Postprocessing.Runtime.dll
Weave behaviours and messages took134 milliseconds
Find all reader and writers took 316 milliseconds
Script Module: Telepathy.dll
Weave behaviours and messages took10 milliseconds
Find all reader and writers took 338 milliseconds
Script Module: Mirror.Cloud.dll
Weave behaviours and messages took13 milliseconds
Find all reader and writers took 310 milliseconds
Script Module: kcp2k.dll
Weave behaviours and messages took19 milliseconds
Find all reader and writers took 300 milliseconds
Script Module: Mirror.Examples.Cloud.GUI.dll
Weave behaviours and messages took14 milliseconds
